mode: set
github.com/go-sonic/sonic/consts/enum.go:41.41,42.11 1 0
github.com/go-sonic/sonic/consts/enum.go:43.27,44.17 1 0
github.com/go-sonic/sonic/consts/enum.go:45.27,46.17 1 0
github.com/go-sonic/sonic/consts/enum.go:47.30,48.20 1 0
github.com/go-sonic/sonic/consts/enum.go:49.26,50.30 1 0
github.com/go-sonic/sonic/consts/enum.go:51.28,52.18 1 0
github.com/go-sonic/sonic/consts/enum.go:53.30,54.20 1 0
github.com/go-sonic/sonic/consts/enum.go:55.32,56.22 1 0
github.com/go-sonic/sonic/consts/enum.go:57.31,58.21 1 0
github.com/go-sonic/sonic/consts/enum.go:59.27,60.17 1 0
github.com/go-sonic/sonic/consts/enum.go:61.10,62.19 1 0
github.com/go-sonic/sonic/consts/enum.go:66.55,67.11 1 0
github.com/go-sonic/sonic/consts/enum.go:68.27,69.32 1 0
github.com/go-sonic/sonic/consts/enum.go:70.27,71.32 1 0
github.com/go-sonic/sonic/consts/enum.go:72.30,73.35 1 0
github.com/go-sonic/sonic/consts/enum.go:74.26,75.45 1 0
github.com/go-sonic/sonic/consts/enum.go:76.28,77.33 1 0
github.com/go-sonic/sonic/consts/enum.go:78.30,79.35 1 0
github.com/go-sonic/sonic/consts/enum.go:80.32,81.37 1 0
github.com/go-sonic/sonic/consts/enum.go:82.31,83.36 1 0
github.com/go-sonic/sonic/consts/enum.go:84.27,85.32 1 0
github.com/go-sonic/sonic/consts/enum.go:86.10,87.34 1 0
github.com/go-sonic/sonic/consts/enum.go:91.59,93.13 2 0
github.com/go-sonic/sonic/consts/enum.go:94.17,95.27 1 0
github.com/go-sonic/sonic/consts/enum.go:96.17,97.27 1 0
github.com/go-sonic/sonic/consts/enum.go:98.20,99.30 1 0
github.com/go-sonic/sonic/consts/enum.go:100.30,101.26 1 0
github.com/go-sonic/sonic/consts/enum.go:102.18,103.28 1 0
github.com/go-sonic/sonic/consts/enum.go:104.20,105.30 1 0
github.com/go-sonic/sonic/consts/enum.go:106.22,107.32 1 0
github.com/go-sonic/sonic/consts/enum.go:108.21,109.31 1 0
github.com/go-sonic/sonic/consts/enum.go:110.17,111.27 1 0
github.com/go-sonic/sonic/consts/enum.go:112.10,113.65 1 0
github.com/go-sonic/sonic/consts/enum.go:115.2,115.12 1 0
github.com/go-sonic/sonic/consts/enum.go:118.54,119.16 1 0
github.com/go-sonic/sonic/consts/enum.go:119.16,121.3 1 0
github.com/go-sonic/sonic/consts/enum.go:122.2,122.28 1 0
github.com/go-sonic/sonic/consts/enum.go:123.13,124.28 1 0
github.com/go-sonic/sonic/consts/enum.go:125.13,126.28 1 0
github.com/go-sonic/sonic/consts/enum.go:127.11,128.28 1 0
github.com/go-sonic/sonic/consts/enum.go:129.10,130.51 1 0
github.com/go-sonic/sonic/consts/enum.go:132.2,132.12 1 0
github.com/go-sonic/sonic/consts/enum.go:135.55,137.2 1 0
github.com/go-sonic/sonic/consts/enum.go:158.48,159.11 1 0
github.com/go-sonic/sonic/consts/enum.go:160.30,161.43 1 0
github.com/go-sonic/sonic/consts/enum.go:162.28,163.41 1 0
github.com/go-sonic/sonic/consts/enum.go:164.25,165.38 1 0
github.com/go-sonic/sonic/consts/enum.go:166.26,167.39 1 0
github.com/go-sonic/sonic/consts/enum.go:168.23,169.36 1 0
github.com/go-sonic/sonic/consts/enum.go:170.24,171.37 1 0
github.com/go-sonic/sonic/consts/enum.go:172.26,173.39 1 0
github.com/go-sonic/sonic/consts/enum.go:174.30,175.43 1 0
github.com/go-sonic/sonic/consts/enum.go:176.29,177.42 1 0
github.com/go-sonic/sonic/consts/enum.go:178.29,179.42 1 0
github.com/go-sonic/sonic/consts/enum.go:180.26,181.39 1 0
github.com/go-sonic/sonic/consts/enum.go:182.27,183.40 1 0
github.com/go-sonic/sonic/consts/enum.go:184.25,185.38 1 0
github.com/go-sonic/sonic/consts/enum.go:186.29,187.43 1 0
github.com/go-sonic/sonic/consts/enum.go:189.2,189.17 1 0
github.com/go-sonic/sonic/consts/enum.go:192.47,193.16 1 0
github.com/go-sonic/sonic/consts/enum.go:193.16,195.3 1 0
github.com/go-sonic/sonic/consts/enum.go:196.2,196.28 1 0
github.com/go-sonic/sonic/consts/enum.go:197.13,198.21 1 0
github.com/go-sonic/sonic/consts/enum.go:199.13,200.21 1 0
github.com/go-sonic/sonic/consts/enum.go:201.11,202.21 1 0
github.com/go-sonic/sonic/consts/enum.go:203.10,204.51 1 0
github.com/go-sonic/sonic/consts/enum.go:206.2,206.12 1 0
github.com/go-sonic/sonic/consts/enum.go:209.48,211.2 1 0
github.com/go-sonic/sonic/consts/enum.go:222.48,223.18 1 0
github.com/go-sonic/sonic/consts/enum.go:223.18,225.3 1 0
github.com/go-sonic/sonic/consts/enum.go:225.8,225.28 1 0
github.com/go-sonic/sonic/consts/enum.go:225.28,227.3 1 0
github.com/go-sonic/sonic/consts/enum.go:228.2,228.17 1 0
github.com/go-sonic/sonic/consts/enum.go:231.52,233.13 2 0
github.com/go-sonic/sonic/consts/enum.go:234.16,235.15 1 0
github.com/go-sonic/sonic/consts/enum.go:236.20,237.18 1 0
github.com/go-sonic/sonic/consts/enum.go:238.10,239.58 1 0
github.com/go-sonic/sonic/consts/enum.go:241.2,241.12 1 0
github.com/go-sonic/sonic/consts/enum.go:244.47,245.16 1 0
github.com/go-sonic/sonic/consts/enum.go:245.16,247.3 1 0
github.com/go-sonic/sonic/consts/enum.go:248.2,248.28 1 0
github.com/go-sonic/sonic/consts/enum.go:249.13,250.21 1 0
github.com/go-sonic/sonic/consts/enum.go:251.13,252.21 1 0
github.com/go-sonic/sonic/consts/enum.go:253.11,254.21 1 0
github.com/go-sonic/sonic/consts/enum.go:255.10,256.51 1 0
github.com/go-sonic/sonic/consts/enum.go:258.2,258.12 1 0
github.com/go-sonic/sonic/consts/enum.go:261.48,263.2 1 0
github.com/go-sonic/sonic/consts/enum.go:274.51,275.11 1 0
github.com/go-sonic/sonic/consts/enum.go:276.27,277.36 1 0
github.com/go-sonic/sonic/consts/enum.go:278.23,279.32 1 0
github.com/go-sonic/sonic/consts/enum.go:280.25,281.34 1 0
github.com/go-sonic/sonic/consts/enum.go:282.26,283.35 1 0
github.com/go-sonic/sonic/consts/enum.go:285.2,285.17 1 0
github.com/go-sonic/sonic/consts/enum.go:288.55,290.13 2 0
github.com/go-sonic/sonic/consts/enum.go:291.21,292.27 1 0
github.com/go-sonic/sonic/consts/enum.go:293.17,294.23 1 0
github.com/go-sonic/sonic/consts/enum.go:295.19,296.25 1 0
github.com/go-sonic/sonic/consts/enum.go:297.20,298.26 1 0
github.com/go-sonic/sonic/consts/enum.go:299.10,300.23 1 0
github.com/go-sonic/sonic/consts/enum.go:301.10,302.61 1 0
github.com/go-sonic/sonic/consts/enum.go:304.2,304.12 1 0
github.com/go-sonic/sonic/consts/enum.go:307.50,308.16 1 0
github.com/go-sonic/sonic/consts/enum.go:308.16,310.3 1 0
github.com/go-sonic/sonic/consts/enum.go:311.2,311.28 1 0
github.com/go-sonic/sonic/consts/enum.go:312.13,313.24 1 0
github.com/go-sonic/sonic/consts/enum.go:314.13,315.24 1 0
github.com/go-sonic/sonic/consts/enum.go:316.11,317.24 1 0
github.com/go-sonic/sonic/consts/enum.go:318.10,319.51 1 0
github.com/go-sonic/sonic/consts/enum.go:321.2,321.12 1 0
github.com/go-sonic/sonic/consts/enum.go:324.51,326.2 1 0
github.com/go-sonic/sonic/consts/enum.go:328.39,330.2 1 0
github.com/go-sonic/sonic/consts/enum.go:332.59,333.13 1 0
github.com/go-sonic/sonic/consts/enum.go:334.19,335.34 1 0
github.com/go-sonic/sonic/consts/enum.go:336.15,337.30 1 0
github.com/go-sonic/sonic/consts/enum.go:338.17,339.32 1 0
github.com/go-sonic/sonic/consts/enum.go:340.18,341.33 1 0
github.com/go-sonic/sonic/consts/enum.go:342.10,343.78 1 0
github.com/go-sonic/sonic/consts/enum.go:355.54,356.11 1 0
github.com/go-sonic/sonic/consts/enum.go:357.30,358.36 1 0
github.com/go-sonic/sonic/consts/enum.go:359.29,360.35 1 0
github.com/go-sonic/sonic/consts/enum.go:361.28,362.34 1 0
github.com/go-sonic/sonic/consts/enum.go:364.2,364.17 1 0
github.com/go-sonic/sonic/consts/enum.go:367.58,370.13 2 0
github.com/go-sonic/sonic/consts/enum.go:371.21,372.30 1 0
github.com/go-sonic/sonic/consts/enum.go:373.20,374.29 1 0
github.com/go-sonic/sonic/consts/enum.go:375.19,376.28 1 0
github.com/go-sonic/sonic/consts/enum.go:377.10,378.64 1 0
github.com/go-sonic/sonic/consts/enum.go:380.2,380.12 1 0
github.com/go-sonic/sonic/consts/enum.go:383.53,384.16 1 0
github.com/go-sonic/sonic/consts/enum.go:384.16,386.3 1 0
github.com/go-sonic/sonic/consts/enum.go:387.2,387.28 1 0
github.com/go-sonic/sonic/consts/enum.go:388.13,389.27 1 0
github.com/go-sonic/sonic/consts/enum.go:390.13,391.27 1 0
github.com/go-sonic/sonic/consts/enum.go:392.11,393.27 1 0
github.com/go-sonic/sonic/consts/enum.go:394.10,395.51 1 0
github.com/go-sonic/sonic/consts/enum.go:397.2,397.12 1 0
github.com/go-sonic/sonic/consts/enum.go:400.65,401.13 1 0
github.com/go-sonic/sonic/consts/enum.go:402.19,403.37 1 0
github.com/go-sonic/sonic/consts/enum.go:404.18,405.36 1 0
github.com/go-sonic/sonic/consts/enum.go:406.17,407.35 1 0
github.com/go-sonic/sonic/consts/enum.go:408.10,409.88 1 0
github.com/go-sonic/sonic/consts/enum.go:413.54,415.2 1 0
github.com/go-sonic/sonic/consts/enum.go:417.45,419.2 1 0
github.com/go-sonic/sonic/consts/enum.go:439.39,441.2 1 0
github.com/go-sonic/sonic/consts/enum.go:443.50,444.16 1 0
github.com/go-sonic/sonic/consts/enum.go:444.16,446.3 1 0
github.com/go-sonic/sonic/consts/enum.go:447.2,447.28 1 0
github.com/go-sonic/sonic/consts/enum.go:448.13,449.24 1 0
github.com/go-sonic/sonic/consts/enum.go:450.13,451.24 1 0
github.com/go-sonic/sonic/consts/enum.go:452.11,453.24 1 0
github.com/go-sonic/sonic/consts/enum.go:454.10,455.51 1 0
github.com/go-sonic/sonic/consts/enum.go:457.2,457.12 1 0
github.com/go-sonic/sonic/consts/enum.go:460.51,462.2 1 0
github.com/go-sonic/sonic/consts/enum.go:464.51,465.29 1 0
github.com/go-sonic/sonic/consts/enum.go:465.29,467.3 1 0
github.com/go-sonic/sonic/consts/enum.go:467.8,467.36 1 0
github.com/go-sonic/sonic/consts/enum.go:467.36,469.3 1 0
github.com/go-sonic/sonic/consts/enum.go:470.2,470.17 1 0
github.com/go-sonic/sonic/consts/enum.go:473.55,475.13 2 0
github.com/go-sonic/sonic/consts/enum.go:476.20,477.26 1 0
github.com/go-sonic/sonic/consts/enum.go:478.20,479.26 1 0
github.com/go-sonic/sonic/consts/enum.go:480.10,481.26 1 0
github.com/go-sonic/sonic/consts/enum.go:482.10,483.61 1 0
github.com/go-sonic/sonic/consts/enum.go:485.2,485.12 1 0
github.com/go-sonic/sonic/consts/enum.go:495.51,496.29 1 0
github.com/go-sonic/sonic/consts/enum.go:496.29,498.3 1 0
github.com/go-sonic/sonic/consts/enum.go:498.8,498.34 1 0
github.com/go-sonic/sonic/consts/enum.go:498.34,500.3 1 0
github.com/go-sonic/sonic/consts/enum.go:501.2,501.17 1 0
github.com/go-sonic/sonic/consts/enum.go:504.55,505.22 1 0
github.com/go-sonic/sonic/consts/enum.go:506.20,507.26 1 0
github.com/go-sonic/sonic/consts/enum.go:508.18,509.24 1 0
github.com/go-sonic/sonic/consts/enum.go:510.10,511.61 1 0
github.com/go-sonic/sonic/consts/enum.go:513.2,513.12 1 0
github.com/go-sonic/sonic/consts/enum.go:516.50,517.16 1 0
github.com/go-sonic/sonic/consts/enum.go:517.16,519.3 1 0
github.com/go-sonic/sonic/consts/enum.go:520.2,520.28 1 0
github.com/go-sonic/sonic/consts/enum.go:521.13,522.24 1 0
github.com/go-sonic/sonic/consts/enum.go:523.13,524.24 1 0
github.com/go-sonic/sonic/consts/enum.go:525.11,526.24 1 0
github.com/go-sonic/sonic/consts/enum.go:527.10,528.51 1 0
github.com/go-sonic/sonic/consts/enum.go:530.2,530.12 1 0
github.com/go-sonic/sonic/consts/enum.go:533.51,535.2 1 0
github.com/go-sonic/sonic/consts/enum.go:544.48,545.16 1 0
github.com/go-sonic/sonic/consts/enum.go:545.16,547.3 1 0
github.com/go-sonic/sonic/consts/enum.go:548.2,548.28 1 0
github.com/go-sonic/sonic/consts/enum.go:549.13,550.22 1 0
github.com/go-sonic/sonic/consts/enum.go:551.13,552.22 1 0
github.com/go-sonic/sonic/consts/enum.go:553.11,554.22 1 0
github.com/go-sonic/sonic/consts/enum.go:555.10,556.51 1 0
github.com/go-sonic/sonic/consts/enum.go:558.2,558.12 1 0
github.com/go-sonic/sonic/consts/enum.go:561.49,563.2 1 0
github.com/go-sonic/sonic/consts/enum.go:573.52,574.16 1 0
github.com/go-sonic/sonic/consts/enum.go:574.16,576.3 1 0
github.com/go-sonic/sonic/consts/enum.go:577.2,577.28 1 0
github.com/go-sonic/sonic/consts/enum.go:578.13,579.26 1 0
github.com/go-sonic/sonic/consts/enum.go:580.13,581.26 1 0
github.com/go-sonic/sonic/consts/enum.go:582.11,583.26 1 0
github.com/go-sonic/sonic/consts/enum.go:584.10,585.51 1 0
github.com/go-sonic/sonic/consts/enum.go:587.2,587.12 1 0
github.com/go-sonic/sonic/consts/enum.go:590.53,592.2 1 0
github.com/go-sonic/sonic/consts/enum.go:608.41,610.2 1 0
github.com/go-sonic/sonic/consts/enum.go:612.52,613.28 1 0
github.com/go-sonic/sonic/consts/enum.go:613.28,615.3 1 0
github.com/go-sonic/sonic/consts/enum.go:615.8,615.37 1 0
github.com/go-sonic/sonic/consts/enum.go:615.37,617.3 1 0
github.com/go-sonic/sonic/consts/enum.go:618.2,618.17 1 0
github.com/go-sonic/sonic/consts/enum.go:621.56,622.22 1 0
github.com/go-sonic/sonic/consts/enum.go:623.18,624.25 1 0
github.com/go-sonic/sonic/consts/enum.go:625.20,626.27 1 0
github.com/go-sonic/sonic/consts/enum.go:627.10,628.62 1 0
github.com/go-sonic/sonic/consts/enum.go:630.2,630.12 1 0
github.com/go-sonic/sonic/consts/enum.go:633.51,634.16 1 0
github.com/go-sonic/sonic/consts/enum.go:634.16,636.3 1 0
github.com/go-sonic/sonic/consts/enum.go:637.2,637.28 1 0
github.com/go-sonic/sonic/consts/enum.go:638.13,639.25 1 0
github.com/go-sonic/sonic/consts/enum.go:640.13,641.25 1 0
github.com/go-sonic/sonic/consts/enum.go:642.11,643.25 1 0
github.com/go-sonic/sonic/consts/enum.go:644.10,645.51 1 0
github.com/go-sonic/sonic/consts/enum.go:647.2,647.12 1 0
github.com/go-sonic/sonic/consts/enum.go:650.52,652.2 1 0
github.com/go-sonic/sonic/consts/enum.go:661.48,662.16 1 0
github.com/go-sonic/sonic/consts/enum.go:662.16,664.3 1 0
github.com/go-sonic/sonic/consts/enum.go:665.2,665.28 1 0
github.com/go-sonic/sonic/consts/enum.go:666.13,667.22 1 0
github.com/go-sonic/sonic/consts/enum.go:668.13,669.22 1 0
github.com/go-sonic/sonic/consts/enum.go:670.11,671.22 1 0
github.com/go-sonic/sonic/consts/enum.go:672.10,673.51 1 0
github.com/go-sonic/sonic/consts/enum.go:675.2,675.12 1 0
github.com/go-sonic/sonic/consts/enum.go:678.49,680.2 1 0
github.com/go-sonic/sonic/consts/enum.go:717.61,718.11 1 0
github.com/go-sonic/sonic/consts/enum.go:719.32,720.31 1 0
github.com/go-sonic/sonic/consts/enum.go:721.34,722.33 1 0
github.com/go-sonic/sonic/consts/enum.go:723.33,724.32 1 0
github.com/go-sonic/sonic/consts/enum.go:725.34,726.33 1 0
github.com/go-sonic/sonic/consts/enum.go:727.36,728.35 1 0
github.com/go-sonic/sonic/consts/enum.go:729.33,730.32 1 0
github.com/go-sonic/sonic/consts/enum.go:731.38,732.37 1 0
github.com/go-sonic/sonic/consts/enum.go:733.34,734.33 1 0
github.com/go-sonic/sonic/consts/enum.go:735.10,736.76 1 0
github.com/go-sonic/sonic/consts/enum.go:740.65,742.13 2 0
github.com/go-sonic/sonic/consts/enum.go:743.16,745.13 2 0
github.com/go-sonic/sonic/consts/enum.go:746.18,748.13 2 0
github.com/go-sonic/sonic/consts/enum.go:749.17,751.13 2 0
github.com/go-sonic/sonic/consts/enum.go:752.18,754.13 2 0
github.com/go-sonic/sonic/consts/enum.go:755.20,757.13 2 0
github.com/go-sonic/sonic/consts/enum.go:758.17,760.13 2 0
github.com/go-sonic/sonic/consts/enum.go:761.18,763.13 2 0
github.com/go-sonic/sonic/consts/enum.go:764.22,766.13 2 0
github.com/go-sonic/sonic/consts/enum.go:767.10,768.71 1 0
github.com/go-sonic/sonic/consts/enum.go:772.87,775.16 3 0
github.com/go-sonic/sonic/consts/enum.go:775.16,777.3 1 0
github.com/go-sonic/sonic/consts/enum.go:778.2,779.17 2 0
github.com/go-sonic/sonic/consts/enum.go:780.14,782.13 2 0
github.com/go-sonic/sonic/consts/enum.go:783.16,785.13 2 0
github.com/go-sonic/sonic/consts/enum.go:786.15,788.13 2 0
github.com/go-sonic/sonic/consts/enum.go:789.16,791.13 2 0
github.com/go-sonic/sonic/consts/enum.go:792.18,794.13 2 0
github.com/go-sonic/sonic/consts/enum.go:795.15,797.13 2 0
github.com/go-sonic/sonic/consts/enum.go:798.16,800.13 2 0
github.com/go-sonic/sonic/consts/enum.go:801.20,803.13 2 0
github.com/go-sonic/sonic/consts/enum.go:804.10,805.71 1 0
github.com/go-sonic/sonic/consts/enum.go:818.73,819.11 1 0
github.com/go-sonic/sonic/consts/enum.go:820.33,821.20 1 0
github.com/go-sonic/sonic/consts/enum.go:822.31,824.17 2 0
github.com/go-sonic/sonic/consts/enum.go:824.17,826.4 1 0
github.com/go-sonic/sonic/consts/enum.go:827.3,827.21 1 0
github.com/go-sonic/sonic/consts/enum.go:828.33,830.17 2 0
github.com/go-sonic/sonic/consts/enum.go:830.17,832.4 1 0
github.com/go-sonic/sonic/consts/enum.go:833.3,833.21 1 0
github.com/go-sonic/sonic/consts/enum.go:834.31,836.17 2 0
github.com/go-sonic/sonic/consts/enum.go:836.17,838.4 1 0
github.com/go-sonic/sonic/consts/enum.go:839.3,839.21 1 0
github.com/go-sonic/sonic/consts/enum.go:840.10,841.67 1 0
github.com/go-sonic/sonic/consts/enum.go:845.77,846.11 1 0
github.com/go-sonic/sonic/consts/enum.go:847.33,849.10 2 0
github.com/go-sonic/sonic/consts/enum.go:849.10,851.4 1 0
github.com/go-sonic/sonic/consts/enum.go:852.3,852.23 1 0
github.com/go-sonic/sonic/consts/enum.go:853.31,855.31 2 0
github.com/go-sonic/sonic/consts/enum.go:856.12,857.49 1 0
github.com/go-sonic/sonic/consts/enum.go:858.14,859.42 1 0
github.com/go-sonic/sonic/consts/enum.go:860.14,861.49 1 0
github.com/go-sonic/sonic/consts/enum.go:862.11,863.73 1 0
github.com/go-sonic/sonic/consts/enum.go:865.3,865.23 1 0
github.com/go-sonic/sonic/consts/enum.go:866.33,868.31 2 0
github.com/go-sonic/sonic/consts/enum.go:869.16,870.61 1 0
github.com/go-sonic/sonic/consts/enum.go:871.16,872.52 1 0
github.com/go-sonic/sonic/consts/enum.go:873.11,874.73 1 0
github.com/go-sonic/sonic/consts/enum.go:876.3,876.23 1 0
github.com/go-sonic/sonic/consts/enum.go:877.31,879.31 2 0
github.com/go-sonic/sonic/consts/enum.go:880.13,881.39 1 0
github.com/go-sonic/sonic/consts/enum.go:882.11,883.73 1 0
github.com/go-sonic/sonic/consts/enum.go:885.3,885.23 1 0
github.com/go-sonic/sonic/consts/enum.go:886.10,887.66 1 0
github.com/go-sonic/sonic/consts/enum.go:891.60,892.11 1 0
github.com/go-sonic/sonic/consts/enum.go:893.33,894.33 1 0
github.com/go-sonic/sonic/consts/enum.go:895.31,896.31 1 0
github.com/go-sonic/sonic/consts/enum.go:897.33,898.33 1 0
github.com/go-sonic/sonic/consts/enum.go:899.31,900.31 1 0
github.com/go-sonic/sonic/consts/enum.go:901.10,902.75 1 0
github.com/go-sonic/sonic/consts/enum.go:906.64,908.13 2 0
github.com/go-sonic/sonic/consts/enum.go:909.18,911.13 2 0
github.com/go-sonic/sonic/consts/enum.go:912.16,914.13 2 0
github.com/go-sonic/sonic/consts/enum.go:915.18,917.13 2 0
github.com/go-sonic/sonic/consts/enum.go:918.16,920.13 2 0
github.com/go-sonic/sonic/consts/enum.go:921.10,922.71 1 0
github.com/go-sonic/sonic/consts/enum.go:926.86,929.16 3 0
github.com/go-sonic/sonic/consts/enum.go:929.16,931.3 1 0
github.com/go-sonic/sonic/consts/enum.go:932.2,933.17 2 0
github.com/go-sonic/sonic/consts/enum.go:934.16,936.13 2 0
github.com/go-sonic/sonic/consts/enum.go:937.14,939.13 2 0
github.com/go-sonic/sonic/consts/enum.go:940.16,942.13 2 0
github.com/go-sonic/sonic/consts/enum.go:943.14,945.13 2 0
github.com/go-sonic/sonic/consts/enum.go:946.10,947.70 1 0
github.com/go-sonic/sonic/consts/enum.go:958.36,959.26 1 0
github.com/go-sonic/sonic/consts/enum.go:959.26,961.3 1 0
github.com/go-sonic/sonic/consts/enum.go:962.2,962.30 1 0
github.com/go-sonic/sonic/consts/enum.go:962.30,964.3 1 0
github.com/go-sonic/sonic/consts/enum.go:965.2,965.11 1 0
github.com/go-sonic/sonic/consts/enum.go:975.53,976.29 1 0
github.com/go-sonic/sonic/consts/enum.go:976.29,978.3 1 0
github.com/go-sonic/sonic/consts/enum.go:978.8,978.38 1 0
github.com/go-sonic/sonic/consts/enum.go:978.38,980.3 1 0
github.com/go-sonic/sonic/consts/enum.go:981.2,981.17 1 0
github.com/go-sonic/sonic/consts/enum.go:984.57,985.22 1 0
github.com/go-sonic/sonic/consts/enum.go:986.18,987.26 1 0
github.com/go-sonic/sonic/consts/enum.go:988.20,989.28 1 0
github.com/go-sonic/sonic/consts/enum.go:990.10,991.61 1 0
github.com/go-sonic/sonic/consts/enum.go:993.2,993.12 1 0
github.com/go-sonic/sonic/consts/enum.go:996.52,997.16 1 0
github.com/go-sonic/sonic/consts/enum.go:997.16,999.3 1 0
github.com/go-sonic/sonic/consts/enum.go:1000.2,1000.28 1 0
github.com/go-sonic/sonic/consts/enum.go:1001.13,1002.26 1 0
github.com/go-sonic/sonic/consts/enum.go:1003.13,1004.26 1 0
github.com/go-sonic/sonic/consts/enum.go:1005.11,1006.26 1 0
github.com/go-sonic/sonic/consts/enum.go:1007.10,1008.51 1 0
github.com/go-sonic/sonic/consts/enum.go:1010.2,1010.12 1 0
github.com/go-sonic/sonic/consts/enum.go:1013.53,1015.2 1 0
github.com/go-sonic/sonic/consts/enum.go:1017.43,1019.2 1 0
github.com/go-sonic/sonic/dal/attachment.gen.go:20.66,45.2 20 0
github.com/go-sonic/sonic/dal/attachment.gen.go:68.60,71.2 2 0
github.com/go-sonic/sonic/dal/attachment.gen.go:73.50,76.2 2 0
github.com/go-sonic/sonic/dal/attachment.gen.go:78.64,97.2 16 0
github.com/go-sonic/sonic/dal/attachment.gen.go:99.69,101.2 1 0
github.com/go-sonic/sonic/dal/attachment.gen.go:103.40,103.77 1 0
github.com/go-sonic/sonic/dal/attachment.gen.go:105.36,105.69 1 0
github.com/go-sonic/sonic/dal/attachment.gen.go:107.61,107.103 1 0
github.com/go-sonic/sonic/dal/attachment.gen.go:109.79,111.22 2 0
github.com/go-sonic/sonic/dal/attachment.gen.go:111.22,113.3 1 0
github.com/go-sonic/sonic/dal/attachment.gen.go:114.2,115.16 2 0
github.com/go-sonic/sonic/dal/attachment.gen.go:118.37,133.2 14 0
github.com/go-sonic/sonic/dal/attachment.gen.go:135.51,138.2 2 0
github.com/go-sonic/sonic/dal/attachment.gen.go:140.55,143.2 2 0
github.com/go-sonic/sonic/dal/attachment.gen.go:147.45,149.2 1 0
github.com/go-sonic/sonic/dal/attachment.gen.go:151.70,153.2 1 0
github.com/go-sonic/sonic/dal/attachment.gen.go:155.46,157.2 1 0
github.com/go-sonic/sonic/dal/attachment.gen.go:159.47,161.2 1 0
github.com/go-sonic/sonic/dal/attachment.gen.go:163.67,165.2 1 0
github.com/go-sonic/sonic/dal/attachment.gen.go:167.73,169.2 1 0
github.com/go-sonic/sonic/dal/attachment.gen.go:171.85,173.2 1 0
github.com/go-sonic/sonic/dal/attachment.gen.go:175.65,177.2 1 0
github.com/go-sonic/sonic/dal/attachment.gen.go:179.64,181.2 1 0
github.com/go-sonic/sonic/dal/attachment.gen.go:183.65,185.2 1 0
github.com/go-sonic/sonic/dal/attachment.gen.go:187.67,189.2 1 0
github.com/go-sonic/sonic/dal/attachment.gen.go:191.64,193.2 1 0
github.com/go-sonic/sonic/dal/attachment.gen.go:195.66,197.2 1 0
github.com/go-sonic/sonic/dal/attachment.gen.go:199.62,201.2 1 0
github.com/go-sonic/sonic/dal/attachment.gen.go:203.81,205.2 1 0
github.com/go-sonic/sonic/dal/attachment.gen.go:207.85,209.2 1 0
github.com/go-sonic/sonic/dal/attachment.gen.go:211.86,213.2 1 0
github.com/go-sonic/sonic/dal/attachment.gen.go:215.63,217.2 1 0
github.com/go-sonic/sonic/dal/attachment.gen.go:219.68,221.2 1 0
github.com/go-sonic/sonic/dal/attachment.gen.go:223.54,225.2 1 0
github.com/go-sonic/sonic/dal/attachment.gen.go:227.56,229.2 1 0
github.com/go-sonic/sonic/dal/attachment.gen.go:231.76,233.2 1 0
github.com/go-sonic/sonic/dal/attachment.gen.go:235.48,237.2 1 0
github.com/go-sonic/sonic/dal/attachment.gen.go:239.66,240.22 1 0
github.com/go-sonic/sonic/dal/attachment.gen.go:240.22,242.3 1 0
github.com/go-sonic/sonic/dal/attachment.gen.go:243.2,243.28 1 0
github.com/go-sonic/sonic/dal/attachment.gen.go:246.89,248.2 1 0
github.com/go-sonic/sonic/dal/attachment.gen.go:252.64,253.22 1 0
github.com/go-sonic/sonic/dal/attachment.gen.go:253.22,255.3 1 0
github.com/go-sonic/sonic/dal/attachment.gen.go:256.2,256.26 1 0
github.com/go-sonic/sonic/dal/attachment.gen.go:259.59,260.45 1 0
github.com/go-sonic/sonic/dal/attachment.gen.go:260.45,262.3 1 0
github.com/go-sonic/sonic/dal/attachment.gen.go:262.8,264.3 1 0
github.com/go-sonic/sonic/dal/attachment.gen.go:267.58,268.44 1 0
github.com/go-sonic/sonic/dal/attachment.gen.go:268.44,270.3 1 0
github.com/go-sonic/sonic/dal/attachment.gen.go:270.8,272.3 1 0
github.com/go-sonic/sonic/dal/attachment.gen.go:275.58,276.44 1 0
github.com/go-sonic/sonic/dal/attachment.gen.go:276.44,278.3 1 0
github.com/go-sonic/sonic/dal/attachment.gen.go:278.8,280.3 1 0
github.com/go-sonic/sonic/dal/attachment.gen.go:283.60,286.2 2 0
github.com/go-sonic/sonic/dal/attachment.gen.go:288.130,290.78 2 0
github.com/go-sonic/sonic/dal/attachment.gen.go:290.78,291.16 1 0
github.com/go-sonic/sonic/dal/attachment.gen.go:291.16,291.53 1 0
github.com/go-sonic/sonic/dal/attachment.gen.go:292.3,292.23 1 0
github.com/go-sonic/sonic/dal/attachment.gen.go:294.2,294.21 1 0
github.com/go-sonic/sonic/dal/attachment.gen.go:297.126,299.2 1 0
github.com/go-sonic/sonic/dal/attachment.gen.go:301.70,303.2 1 0
github.com/go-sonic/sonic/dal/attachment.gen.go:305.71,307.2 1 0
github.com/go-sonic/sonic/dal/attachment.gen.go:309.74,310.28 1 0
github.com/go-sonic/sonic/dal/attachment.gen.go:310.28,312.3 1 0
github.com/go-sonic/sonic/dal/attachment.gen.go:313.2,313.11 1 0
github.com/go-sonic/sonic/dal/attachment.gen.go:316.76,317.28 1 0
github.com/go-sonic/sonic/dal/attachment.gen.go:317.28,319.3 1 0
github.com/go-sonic/sonic/dal/attachment.gen.go:320.2,320.11 1 0
github.com/go-sonic/sonic/dal/attachment.gen.go:323.65,324.51 1 0
github.com/go-sonic/sonic/dal/attachment.gen.go:324.51,326.3 1 0
github.com/go-sonic/sonic/dal/attachment.gen.go:326.8,328.3 1 0
github.com/go-sonic/sonic/dal/attachment.gen.go:331.67,332.53 1 0
github.com/go-sonic/sonic/dal/attachment.gen.go:332.53,334.3 1 0
github.com/go-sonic/sonic/dal/attachment.gen.go:334.8,336.3 1 0
github.com/go-sonic/sonic/dal/attachment.gen.go:339.111,341.16 2 0
github.com/go-sonic/sonic/dal/attachment.gen.go:341.16,343.3 1 0
github.com/go-sonic/sonic/dal/attachment.gen.go:345.2,345.64 1 0
github.com/go-sonic/sonic/dal/attachment.gen.go:345.64,348.3 2 0
github.com/go-sonic/sonic/dal/attachment.gen.go:350.2,351.8 2 0
github.com/go-sonic/sonic/dal/attachment.gen.go:354.102,356.16 2 0
github.com/go-sonic/sonic/dal/attachment.gen.go:356.16,358.3 1 0
github.com/go-sonic/sonic/dal/attachment.gen.go:360.2,361.8 2 0
github.com/go-sonic/sonic/dal/attachment.gen.go:364.60,366.2 1 0
github.com/go-sonic/sonic/dal/attachment.gen.go:368.95,370.2 1 0
github.com/go-sonic/sonic/dal/attachment.gen.go:372.57,375.2 2 0
github.com/go-sonic/sonic/dal/category.gen.go:20.62,43.2 18 0
github.com/go-sonic/sonic/dal/category.gen.go:64.56,67.2 2 0
github.com/go-sonic/sonic/dal/category.gen.go:69.46,72.2 2 0
github.com/go-sonic/sonic/dal/category.gen.go:74.60,91.2 14 0
github.com/go-sonic/sonic/dal/category.gen.go:93.65,93.105 1 0
github.com/go-sonic/sonic/dal/category.gen.go:95.38,95.73 1 0
github.com/go-sonic/sonic/dal/category.gen.go:97.34,97.65 1 0
github.com/go-sonic/sonic/dal/category.gen.go:99.59,99.99 1 0
github.com/go-sonic/sonic/dal/category.gen.go:101.77,103.22 2 0
github.com/go-sonic/sonic/dal/category.gen.go:103.22,105.3 1 0
github.com/go-sonic/sonic/dal/category.gen.go:106.2,107.16 2 0
github.com/go-sonic/sonic/dal/category.gen.go:110.35,123.2 12 0
github.com/go-sonic/sonic/dal/category.gen.go:125.47,128.2 2 0
github.com/go-sonic/sonic/dal/category.gen.go:130.51,133.2 2 0
github.com/go-sonic/sonic/dal/category.gen.go:137.41,139.2 1 0
github.com/go-sonic/sonic/dal/category.gen.go:141.66,143.2 1 0
github.com/go-sonic/sonic/dal/category.gen.go:145.42,147.2 1 0
github.com/go-sonic/sonic/dal/category.gen.go:149.43,151.2 1 0
github.com/go-sonic/sonic/dal/category.gen.go:153.63,155.2 1 0
github.com/go-sonic/sonic/dal/category.gen.go:157.69,159.2 1 0
github.com/go-sonic/sonic/dal/category.gen.go:161.81,163.2 1 0
github.com/go-sonic/sonic/dal/category.gen.go:165.61,167.2 1 0
github.com/go-sonic/sonic/dal/category.gen.go:169.60,171.2 1 0
github.com/go-sonic/sonic/dal/category.gen.go:173.61,175.2 1 0
github.com/go-sonic/sonic/dal/category.gen.go:177.63,179.2 1 0
github.com/go-sonic/sonic/dal/category.gen.go:181.60,183.2 1 0
github.com/go-sonic/sonic/dal/category.gen.go:185.62,187.2 1 0
github.com/go-sonic/sonic/dal/category.gen.go:189.58,191.2 1 0
github.com/go-sonic/sonic/dal/category.gen.go:193.77,195.2 1 0
github.com/go-sonic/sonic/dal/category.gen.go:197.81,199.2 1 0
github.com/go-sonic/sonic/dal/category.gen.go:201.82,203.2 1 0
github.com/go-sonic/sonic/dal/category.gen.go:205.59,207.2 1 0
github.com/go-sonic/sonic/dal/category.gen.go:209.64,211.2 1 0
github.com/go-sonic/sonic/dal/category.gen.go:213.50,215.2 1 0
github.com/go-sonic/sonic/dal/category.gen.go:217.52,219.2 1 0
github.com/go-sonic/sonic/dal/category.gen.go:221.72,223.2 1 0
github.com/go-sonic/sonic/dal/category.gen.go:225.44,227.2 1 0
github.com/go-sonic/sonic/dal/category.gen.go:229.62,230.22 1 0
github.com/go-sonic/sonic/dal/category.gen.go:230.22,232.3 1 0
github.com/go-sonic/sonic/dal/category.gen.go:233.2,233.28 1 0
github.com/go-sonic/sonic/dal/category.gen.go:236.85,238.2 1 0
github.com/go-sonic/sonic/dal/category.gen.go:242.60,243.22 1 0
github.com/go-sonic/sonic/dal/category.gen.go:243.22,245.3 1 0
github.com/go-sonic/sonic/dal/category.gen.go:246.2,246.26 1 0
github.com/go-sonic/sonic/dal/category.gen.go:249.55,250.45 1 0
github.com/go-sonic/sonic/dal/category.gen.go:250.45,252.3 1 0
github.com/go-sonic/sonic/dal/category.gen.go:252.8,254.3 1 0
github.com/go-sonic/sonic/dal/category.gen.go:257.54,258.44 1 0
github.com/go-sonic/sonic/dal/category.gen.go:258.44,260.3 1 0
github.com/go-sonic/sonic/dal/category.gen.go:260.8,262.3 1 0
github.com/go-sonic/sonic/dal/category.gen.go:265.54,266.44 1 0
github.com/go-sonic/sonic/dal/category.gen.go:266.44,268.3 1 0
github.com/go-sonic/sonic/dal/category.gen.go:268.8,270.3 1 0
github.com/go-sonic/sonic/dal/category.gen.go:273.56,276.2 2 0
github.com/go-sonic/sonic/dal/category.gen.go:278.126,280.78 2 0
github.com/go-sonic/sonic/dal/category.gen.go:280.78,281.16 1 0
github.com/go-sonic/sonic/dal/category.gen.go:281.16,281.53 1 0
github.com/go-sonic/sonic/dal/category.gen.go:282.3,282.23 1 0
github.com/go-sonic/sonic/dal/category.gen.go:284.2,284.21 1 0
github.com/go-sonic/sonic/dal/category.gen.go:287.122,289.2 1 0
github.com/go-sonic/sonic/dal/category.gen.go:291.66,293.2 1 0
github.com/go-sonic/sonic/dal/category.gen.go:295.67,297.2 1 0
github.com/go-sonic/sonic/dal/category.gen.go:299.70,300.28 1 0
github.com/go-sonic/sonic/dal/category.gen.go:300.28,302.3 1 0
github.com/go-sonic/sonic/dal/category.gen.go:303.2,303.11 1 0
github.com/go-sonic/sonic/dal/category.gen.go:306.72,307.28 1 0
github.com/go-sonic/sonic/dal/category.gen.go:307.28,309.3 1 0
github.com/go-sonic/sonic/dal/category.gen.go:310.2,310.11 1 0
github.com/go-sonic/sonic/dal/category.gen.go:313.61,314.51 1 0
github.com/go-sonic/sonic/dal/category.gen.go:314.51,316.3 1 0
github.com/go-sonic/sonic/dal/category.gen.go:316.8,318.3 1 0
github.com/go-sonic/sonic/dal/category.gen.go:321.63,322.53 1 0
github.com/go-sonic/sonic/dal/category.gen.go:322.53,324.3 1 0
github.com/go-sonic/sonic/dal/category.gen.go:324.8,326.3 1 0
github.com/go-sonic/sonic/dal/category.gen.go:329.107,331.16 2 0
github.com/go-sonic/sonic/dal/category.gen.go:331.16,333.3 1 0
github.com/go-sonic/sonic/dal/category.gen.go:335.2,335.64 1 0
github.com/go-sonic/sonic/dal/category.gen.go:335.64,338.3 2 0
github.com/go-sonic/sonic/dal/category.gen.go:340.2,341.8 2 0
github.com/go-sonic/sonic/dal/category.gen.go:344.100,346.16 2 0
github.com/go-sonic/sonic/dal/category.gen.go:346.16,348.3 1 0
github.com/go-sonic/sonic/dal/category.gen.go:350.2,351.8 2 0
github.com/go-sonic/sonic/dal/category.gen.go:354.58,356.2 1 0
github.com/go-sonic/sonic/dal/category.gen.go:358.91,360.2 1 0
github.com/go-sonic/sonic/dal/category.gen.go:362.53,365.2 2 0
github.com/go-sonic/sonic/dal/comment.gen.go:20.60,50.2 25 0
github.com/go-sonic/sonic/dal/comment.gen.go:78.54,81.2 2 0
github.com/go-sonic/sonic/dal/comment.gen.go:83.44,86.2 2 0
github.com/go-sonic/sonic/dal/comment.gen.go:88.58,112.2 21 0
github.com/go-sonic/sonic/dal/comment.gen.go:114.63,114.102 1 0
github.com/go-sonic/sonic/dal/comment.gen.go:116.37,116.71 1 0
github.com/go-sonic/sonic/dal/comment.gen.go:118.33,118.63 1 0
github.com/go-sonic/sonic/dal/comment.gen.go:120.58,120.97 1 0
github.com/go-sonic/sonic/dal/comment.gen.go:122.76,124.22 2 0
github.com/go-sonic/sonic/dal/comment.gen.go:124.22,126.3 1 0
github.com/go-sonic/sonic/dal/comment.gen.go:127.2,128.16 2 0
github.com/go-sonic/sonic/dal/comment.gen.go:131.34,151.2 19 0
github.com/go-sonic/sonic/dal/comment.gen.go:153.45,156.2 2 0
github.com/go-sonic/sonic/dal/comment.gen.go:158.49,161.2 2 0
github.com/go-sonic/sonic/dal/comment.gen.go:165.39,167.2 1 0
github.com/go-sonic/sonic/dal/comment.gen.go:169.64,171.2 1 0
github.com/go-sonic/sonic/dal/comment.gen.go:173.40,175.2 1 0
github.com/go-sonic/sonic/dal/comment.gen.go:177.41,179.2 1 0
github.com/go-sonic/sonic/dal/comment.gen.go:181.61,183.2 1 0
github.com/go-sonic/sonic/dal/comment.gen.go:185.67,187.2 1 0
github.com/go-sonic/sonic/dal/comment.gen.go:189.79,191.2 1 0
github.com/go-sonic/sonic/dal/comment.gen.go:193.59,195.2 1 0
github.com/go-sonic/sonic/dal/comment.gen.go:197.58,199.2 1 0
github.com/go-sonic/sonic/dal/comment.gen.go:201.59,203.2 1 0
github.com/go-sonic/sonic/dal/comment.gen.go:205.61,207.2 1 0
github.com/go-sonic/sonic/dal/comment.gen.go:209.58,211.2 1 0
github.com/go-sonic/sonic/dal/comment.gen.go:213.60,215.2 1 0
github.com/go-sonic/sonic/dal/comment.gen.go:217.56,219.2 1 0
github.com/go-sonic/sonic/dal/comment.gen.go:221.75,223.2 1 0
github.com/go-sonic/sonic/dal/comment.gen.go:225.79,227.2 1 0
github.com/go-sonic/sonic/dal/comment.gen.go:229.80,231.2 1 0
github.com/go-sonic/sonic/dal/comment.gen.go:233.57,235.2 1 0
github.com/go-sonic/sonic/dal/comment.gen.go:237.62,239.2 1 0
github.com/go-sonic/sonic/dal/comment.gen.go:241.48,243.2 1 0
github.com/go-sonic/sonic/dal/comment.gen.go:245.50,247.2 1 0
github.com/go-sonic/sonic/dal/comment.gen.go:249.70,251.2 1 0
github.com/go-sonic/sonic/dal/comment.gen.go:253.42,255.2 1 0
github.com/go-sonic/sonic/dal/comment.gen.go:257.60,258.22 1 0
github.com/go-sonic/sonic/dal/comment.gen.go:258.22,260.3 1 0
github.com/go-sonic/sonic/dal/comment.gen.go:261.2,261.28 1 0
github.com/go-sonic/sonic/dal/comment.gen.go:264.83,266.2 1 0
github.com/go-sonic/sonic/dal/comment.gen.go:270.58,271.22 1 0
github.com/go-sonic/sonic/dal/comment.gen.go:271.22,273.3 1 0
github.com/go-sonic/sonic/dal/comment.gen.go:274.2,274.26 1 0
github.com/go-sonic/sonic/dal/comment.gen.go:277.53,278.45 1 0
github.com/go-sonic/sonic/dal/comment.gen.go:278.45,280.3 1 0
github.com/go-sonic/sonic/dal/comment.gen.go:280.8,282.3 1 0
github.com/go-sonic/sonic/dal/comment.gen.go:285.52,286.44 1 0
github.com/go-sonic/sonic/dal/comment.gen.go:286.44,288.3 1 0
github.com/go-sonic/sonic/dal/comment.gen.go:288.8,290.3 1 0
github.com/go-sonic/sonic/dal/comment.gen.go:293.52,294.44 1 0
github.com/go-sonic/sonic/dal/comment.gen.go:294.44,296.3 1 0
github.com/go-sonic/sonic/dal/comment.gen.go:296.8,298.3 1 0
github.com/go-sonic/sonic/dal/comment.gen.go:301.54,304.2 2 0
github.com/go-sonic/sonic/dal/comment.gen.go:306.124,308.78 2 0
github.com/go-sonic/sonic/dal/comment.gen.go:308.78,309.16 1 0
github.com/go-sonic/sonic/dal/comment.gen.go:309.16,309.53 1 0
github.com/go-sonic/sonic/dal/comment.gen.go:310.3,310.23 1 0
github.com/go-sonic/sonic/dal/comment.gen.go:312.2,312.21 1 0
github.com/go-sonic/sonic/dal/comment.gen.go:315.120,317.2 1 0
github.com/go-sonic/sonic/dal/comment.gen.go:319.64,321.2 1 0
github.com/go-sonic/sonic/dal/comment.gen.go:323.65,325.2 1 0
github.com/go-sonic/sonic/dal/comment.gen.go:327.68,328.28 1 0
github.com/go-sonic/sonic/dal/comment.gen.go:328.28,330.3 1 0
github.com/go-sonic/sonic/dal/comment.gen.go:331.2,331.11 1 0
github.com/go-sonic/sonic/dal/comment.gen.go:334.70,335.28 1 0
github.com/go-sonic/sonic/dal/comment.gen.go:335.28,337.3 1 0
github.com/go-sonic/sonic/dal/comment.gen.go:338.2,338.11 1 0
github.com/go-sonic/sonic/dal/comment.gen.go:341.59,342.51 1 0
github.com/go-sonic/sonic/dal/comment.gen.go:342.51,344.3 1 0
github.com/go-sonic/sonic/dal/comment.gen.go:344.8,346.3 1 0
github.com/go-sonic/sonic/dal/comment.gen.go:349.61,350.53 1 0
github.com/go-sonic/sonic/dal/comment.gen.go:350.53,352.3 1 0
github.com/go-sonic/sonic/dal/comment.gen.go:352.8,354.3 1 0
github.com/go-sonic/sonic/dal/comment.gen.go:357.105,359.16 2 0
github.com/go-sonic/sonic/dal/comment.gen.go:359.16,361.3 1 0
github.com/go-sonic/sonic/dal/comment.gen.go:363.2,363.64 1 0
github.com/go-sonic/sonic/dal/comment.gen.go:363.64,366.3 2 0
github.com/go-sonic/sonic/dal/comment.gen.go:368.2,369.8 2 0
github.com/go-sonic/sonic/dal/comment.gen.go:372.99,374.16 2 0
github.com/go-sonic/sonic/dal/comment.gen.go:374.16,376.3 1 0
github.com/go-sonic/sonic/dal/comment.gen.go:378.2,379.8 2 0
github.com/go-sonic/sonic/dal/comment.gen.go:382.57,384.2 1 0
github.com/go-sonic/sonic/dal/comment.gen.go:386.89,388.2 1 0
github.com/go-sonic/sonic/dal/comment.gen.go:390.51,393.2 2 0
github.com/go-sonic/sonic/dal/comment_black.gen.go:20.70,37.2 12 0
github.com/go-sonic/sonic/dal/comment_black.gen.go:52.64,55.2 2 0
github.com/go-sonic/sonic/dal/comment_black.gen.go:57.54,60.2 2 0
github.com/go-sonic/sonic/dal/comment_black.gen.go:62.68,73.2 8 0
github.com/go-sonic/sonic/dal/comment_black.gen.go:75.73,77.2 1 0
github.com/go-sonic/sonic/dal/comment_black.gen.go:79.42,79.81 1 0
github.com/go-sonic/sonic/dal/comment_black.gen.go:81.38,81.73 1 0
github.com/go-sonic/sonic/dal/comment_black.gen.go:83.63,85.2 1 0
github.com/go-sonic/sonic/dal/comment_black.gen.go:87.81,89.22 2 0
github.com/go-sonic/sonic/dal/comment_black.gen.go:89.22,91.3 1 0
github.com/go-sonic/sonic/dal/comment_black.gen.go:92.2,93.16 2 0
github.com/go-sonic/sonic/dal/comment_black.gen.go:96.39,103.2 6 0
github.com/go-sonic/sonic/dal/comment_black.gen.go:105.55,108.2 2 0
github.com/go-sonic/sonic/dal/comment_black.gen.go:110.59,113.2 2 0
github.com/go-sonic/sonic/dal/comment_black.gen.go:117.49,119.2 1 0
github.com/go-sonic/sonic/dal/comment_black.gen.go:121.74,123.2 1 0
github.com/go-sonic/sonic/dal/comment_black.gen.go:125.50,127.2 1 0
github.com/go-sonic/sonic/dal/comment_black.gen.go:129.51,131.2 1 0
github.com/go-sonic/sonic/dal/comment_black.gen.go:133.71,135.2 1 0
github.com/go-sonic/sonic/dal/comment_black.gen.go:137.77,139.2 1 0
github.com/go-sonic/sonic/dal/comment_black.gen.go:141.89,143.2 1 0
github.com/go-sonic/sonic/dal/comment_black.gen.go:145.69,147.2 1 0
github.com/go-sonic/sonic/dal/comment_black.gen.go:149.68,151.2 1 0
github.com/go-sonic/sonic/dal/comment_black.gen.go:153.69,155.2 1 0
github.com/go-sonic/sonic/dal/comment_black.gen.go:157.71,159.2 1 0
github.com/go-sonic/sonic/dal/comment_black.gen.go:161.68,163.2 1 0
github.com/go-sonic/sonic/dal/comment_black.gen.go:165.70,167.2 1 0
github.com/go-sonic/sonic/dal/comment_black.gen.go:169.66,171.2 1 0
github.com/go-sonic/sonic/dal/comment_black.gen.go:173.85,175.2 1 0
github.com/go-sonic/sonic/dal/comment_black.gen.go:177.89,179.2 1 0
github.com/go-sonic/sonic/dal/comment_black.gen.go:181.90,183.2 1 0
github.com/go-sonic/sonic/dal/comment_black.gen.go:185.67,187.2 1 0
github.com/go-sonic/sonic/dal/comment_black.gen.go:189.72,191.2 1 0
github.com/go-sonic/sonic/dal/comment_black.gen.go:193.58,195.2 1 0
github.com/go-sonic/sonic/dal/comment_black.gen.go:197.60,199.2 1 0
github.com/go-sonic/sonic/dal/comment_black.gen.go:201.80,203.2 1 0
github.com/go-sonic/sonic/dal/comment_black.gen.go:205.52,207.2 1 0
github.com/go-sonic/sonic/dal/comment_black.gen.go:209.70,210.22 1 0
github.com/go-sonic/sonic/dal/comment_black.gen.go:210.22,212.3 1 0
github.com/go-sonic/sonic/dal/comment_black.gen.go:213.2,213.28 1 0
github.com/go-sonic/sonic/dal/comment_black.gen.go:216.93,218.2 1 0
github.com/go-sonic/sonic/dal/comment_black.gen.go:222.68,223.22 1 0
github.com/go-sonic/sonic/dal/comment_black.gen.go:223.22,225.3 1 0
github.com/go-sonic/sonic/dal/comment_black.gen.go:226.2,226.26 1 0
github.com/go-sonic/sonic/dal/comment_black.gen.go:229.63,230.45 1 0
github.com/go-sonic/sonic/dal/comment_black.gen.go:230.45,232.3 1 0
github.com/go-sonic/sonic/dal/comment_black.gen.go:232.8,234.3 1 0
github.com/go-sonic/sonic/dal/comment_black.gen.go:237.62,238.44 1 0
github.com/go-sonic/sonic/dal/comment_black.gen.go:238.44,240.3 1 0
github.com/go-sonic/sonic/dal/comment_black.gen.go:240.8,242.3 1 0
github.com/go-sonic/sonic/dal/comment_black.gen.go:245.62,246.44 1 0
github.com/go-sonic/sonic/dal/comment_black.gen.go:246.44,248.3 1 0
github.com/go-sonic/sonic/dal/comment_black.gen.go:248.8,250.3 1 0
github.com/go-sonic/sonic/dal/comment_black.gen.go:253.64,256.2 2 0
github.com/go-sonic/sonic/dal/comment_black.gen.go:258.134,260.78 2 0
github.com/go-sonic/sonic/dal/comment_black.gen.go:260.78,261.16 1 0
github.com/go-sonic/sonic/dal/comment_black.gen.go:261.16,261.53 1 0
github.com/go-sonic/sonic/dal/comment_black.gen.go:262.3,262.23 1 0
github.com/go-sonic/sonic/dal/comment_black.gen.go:264.2,264.21 1 0
github.com/go-sonic/sonic/dal/comment_black.gen.go:267.130,269.2 1 0
github.com/go-sonic/sonic/dal/comment_black.gen.go:271.74,273.2 1 0
github.com/go-sonic/sonic/dal/comment_black.gen.go:275.75,277.2 1 0
github.com/go-sonic/sonic/dal/comment_black.gen.go:279.78,280.28 1 0
github.com/go-sonic/sonic/dal/comment_black.gen.go:280.28,282.3 1 0
github.com/go-sonic/sonic/dal/comment_black.gen.go:283.2,283.11 1 0
github.com/go-sonic/sonic/dal/comment_black.gen.go:286.80,287.28 1 0
github.com/go-sonic/sonic/dal/comment_black.gen.go:287.28,289.3 1 0
github.com/go-sonic/sonic/dal/comment_black.gen.go:290.2,290.11 1 0
github.com/go-sonic/sonic/dal/comment_black.gen.go:293.69,294.51 1 0
github.com/go-sonic/sonic/dal/comment_black.gen.go:294.51,296.3 1 0
github.com/go-sonic/sonic/dal/comment_black.gen.go:296.8,298.3 1 0
github.com/go-sonic/sonic/dal/comment_black.gen.go:301.71,302.53 1 0
github.com/go-sonic/sonic/dal/comment_black.gen.go:302.53,304.3 1 0
github.com/go-sonic/sonic/dal/comment_black.gen.go:304.8,306.3 1 0
github.com/go-sonic/sonic/dal/comment_black.gen.go:309.115,311.16 2 0
github.com/go-sonic/sonic/dal/comment_black.gen.go:311.16,313.3 1 0
github.com/go-sonic/sonic/dal/comment_black.gen.go:315.2,315.64 1 0
github.com/go-sonic/sonic/dal/comment_black.gen.go:315.64,318.3 2 0
github.com/go-sonic/sonic/dal/comment_black.gen.go:320.2,321.8 2 0
github.com/go-sonic/sonic/dal/comment_black.gen.go:324.104,326.16 2 0
github.com/go-sonic/sonic/dal/comment_black.gen.go:326.16,328.3 1 0
github.com/go-sonic/sonic/dal/comment_black.gen.go:330.2,331.8 2 0
github.com/go-sonic/sonic/dal/comment_black.gen.go:334.62,336.2 1 0
github.com/go-sonic/sonic/dal/comment_black.gen.go:338.99,340.2 1 0
github.com/go-sonic/sonic/dal/comment_black.gen.go:342.61,345.2 2 0
github.com/go-sonic/sonic/dal/dal.go:28.75,32.48 2 0
github.com/go-sonic/sonic/dal/dal.go:32.48,34.17 2 0
github.com/go-sonic/sonic/dal/dal.go:34.17,36.4 1 0
github.com/go-sonic/sonic/dal/dal.go:37.3,37.31 1 0
github.com/go-sonic/sonic/dal/dal.go:38.8,38.30 1 0
github.com/go-sonic/sonic/dal/dal.go:38.30,40.17 2 0
github.com/go-sonic/sonic/dal/dal.go:40.17,42.4 1 0
github.com/go-sonic/sonic/dal/dal.go:43.3,43.30 1 0
github.com/go-sonic/sonic/dal/dal.go:44.8,44.40 1 0
github.com/go-sonic/sonic/dal/dal.go:44.40,46.17 2 0
github.com/go-sonic/sonic/dal/dal.go:46.17,48.4 1 0
github.com/go-sonic/sonic/dal/dal.go:49.3,49.35 1 0
github.com/go-sonic/sonic/dal/dal.go:50.8,52.3 1 0
github.com/go-sonic/sonic/dal/dal.go:53.2,53.15 1 0
github.com/go-sonic/sonic/dal/dal.go:53.15,55.3 1 0
github.com/go-sonic/sonic/dal/dal.go:56.2,58.16 3 0
github.com/go-sonic/sonic/dal/dal.go:58.16,60.3 1 0
github.com/go-sonic/sonic/dal/dal.go:61.2,66.11 6 0
github.com/go-sonic/sonic/dal/dal.go:69.84,71.24 2 0
github.com/go-sonic/sonic/dal/dal.go:71.24,73.3 1 0
github.com/go-sonic/sonic/dal/dal.go:74.2,83.16 4 0
github.com/go-sonic/sonic/dal/dal.go:86.85,88.25 2 0
github.com/go-sonic/sonic/dal/dal.go:88.25,90.3 1 0
github.com/go-sonic/sonic/dal/dal.go:91.2,98.16 3 0
github.com/go-sonic/sonic/dal/dal.go:101.89,103.27 2 0
github.com/go-sonic/sonic/dal/dal.go:103.27,105.3 1 0
github.com/go-sonic/sonic/dal/dal.go:106.2,114.16 4 0
github.com/go-sonic/sonic/dal/dal.go:117.57,118.20 1 0
github.com/go-sonic/sonic/dal/dal.go:118.20,120.3 1 0
github.com/go-sonic/sonic/dal/dal.go:121.2,122.16 2 0
github.com/go-sonic/sonic/dal/dal.go:122.16,124.3 1 0
github.com/go-sonic/sonic/dal/dal.go:125.2,126.19 2 0
github.com/go-sonic/sonic/dal/dal.go:126.19,128.3 1 0
github.com/go-sonic/sonic/dal/dal.go:129.2,130.20 2 0
github.com/go-sonic/sonic/dal/dal.go:130.20,132.3 1 0
github.com/go-sonic/sonic/dal/dal.go:133.2,142.3 1 0
github.com/go-sonic/sonic/dal/dal.go:145.18,152.16 3 0
github.com/go-sonic/sonic/dal/dal.go:152.16,154.3 1 0
github.com/go-sonic/sonic/dal/dal.go:159.48,162.16 2 0
github.com/go-sonic/sonic/dal/dal.go:162.16,164.10 2 0
github.com/go-sonic/sonic/dal/dal.go:164.10,165.48 1 0
github.com/go-sonic/sonic/dal/dal.go:167.3,167.16 1 0
github.com/go-sonic/sonic/dal/dal.go:167.16,169.4 1 0
github.com/go-sonic/sonic/dal/dal.go:171.2,171.10 1 0
github.com/go-sonic/sonic/dal/dal.go:174.65,176.2 1 0
github.com/go-sonic/sonic/dal/dal.go:178.83,180.45 2 0
github.com/go-sonic/sonic/dal/dal.go:180.45,183.3 2 0
github.com/go-sonic/sonic/dal/dal.go:186.23,188.2 1 0
github.com/go-sonic/sonic/dal/flyway_schema_history.gen.go:20.84,42.2 17 0
github.com/go-sonic/sonic/dal/flyway_schema_history.gen.go:62.78,65.2 2 0
github.com/go-sonic/sonic/dal/flyway_schema_history.gen.go:67.68,70.2 2 0
github.com/go-sonic/sonic/dal/flyway_schema_history.gen.go:72.82,88.2 13 0
github.com/go-sonic/sonic/dal/flyway_schema_history.gen.go:90.87,92.2 1 0
github.com/go-sonic/sonic/dal/flyway_schema_history.gen.go:94.49,94.95 1 0
github.com/go-sonic/sonic/dal/flyway_schema_history.gen.go:96.45,96.87 1 0
github.com/go-sonic/sonic/dal/flyway_schema_history.gen.go:98.70,100.2 1 0
github.com/go-sonic/sonic/dal/flyway_schema_history.gen.go:102.88,104.22 2 0
github.com/go-sonic/sonic/dal/flyway_schema_history.gen.go:104.22,106.3 1 0
github.com/go-sonic/sonic/dal/flyway_schema_history.gen.go:107.2,108.16 2 0
github.com/go-sonic/sonic/dal/flyway_schema_history.gen.go:111.46,123.2 11 0
github.com/go-sonic/sonic/dal/flyway_schema_history.gen.go:125.69,128.2 2 0
github.com/go-sonic/sonic/dal/flyway_schema_history.gen.go:130.73,133.2 2 0
github.com/go-sonic/sonic/dal/flyway_schema_history.gen.go:137.63,139.2 1 0
github.com/go-sonic/sonic/dal/flyway_schema_history.gen.go:141.88,143.2 1 0
github.com/go-sonic/sonic/dal/flyway_schema_history.gen.go:145.64,147.2 1 0
github.com/go-sonic/sonic/dal/flyway_schema_history.gen.go:149.65,151.2 1 0
github.com/go-sonic/sonic/dal/flyway_schema_history.gen.go:153.85,155.2 1 0
github.com/go-sonic/sonic/dal/flyway_schema_history.gen.go:157.91,159.2 1 0
github.com/go-sonic/sonic/dal/flyway_schema_history.gen.go:161.103,163.2 1 0
github.com/go-sonic/sonic/dal/flyway_schema_history.gen.go:165.83,167.2 1 0
github.com/go-sonic/sonic/dal/flyway_schema_history.gen.go:169.82,171.2 1 0
github.com/go-sonic/sonic/dal/flyway_schema_history.gen.go:173.83,175.2 1 0
github.com/go-sonic/sonic/dal/flyway_schema_history.gen.go:177.85,179.2 1 0
github.com/go-sonic/sonic/dal/flyway_schema_history.gen.go:181.82,183.2 1 0
github.com/go-sonic/sonic/dal/flyway_schema_history.gen.go:185.84,187.2 1 0
github.com/go-sonic/sonic/dal/flyway_schema_history.gen.go:189.80,191.2 1 0
github.com/go-sonic/sonic/dal/flyway_schema_history.gen.go:193.99,195.2 1 0
github.com/go-sonic/sonic/dal/flyway_schema_history.gen.go:197.103,199.2 1 0
github.com/go-sonic/sonic/dal/flyway_schema_history.gen.go:201.104,203.2 1 0
github.com/go-sonic/sonic/dal/flyway_schema_history.gen.go:205.81,207.2 1 0
github.com/go-sonic/sonic/dal/flyway_schema_history.gen.go:209.86,211.2 1 0
github.com/go-sonic/sonic/dal/flyway_schema_history.gen.go:213.72,215.2 1 0
github.com/go-sonic/sonic/dal/flyway_schema_history.gen.go:217.74,219.2 1 0
github.com/go-sonic/sonic/dal/flyway_schema_history.gen.go:221.94,223.2 1 0
github.com/go-sonic/sonic/dal/flyway_schema_history.gen.go:225.66,227.2 1 0
github.com/go-sonic/sonic/dal/flyway_schema_history.gen.go:229.84,230.22 1 0
github.com/go-sonic/sonic/dal/flyway_schema_history.gen.go:230.22,232.3 1 0
github.com/go-sonic/sonic/dal/flyway_schema_history.gen.go:233.2,233.28 1 0
github.com/go-sonic/sonic/dal/flyway_schema_history.gen.go:236.107,238.2 1 0
github.com/go-sonic/sonic/dal/flyway_schema_history.gen.go:242.82,243.22 1 0
github.com/go-sonic/sonic/dal/flyway_schema_history.gen.go:243.22,245.3 1 0
github.com/go-sonic/sonic/dal/flyway_schema_history.gen.go:246.2,246.26 1 0
github.com/go-sonic/sonic/dal/flyway_schema_history.gen.go:249.77,250.45 1 0
github.com/go-sonic/sonic/dal/flyway_schema_history.gen.go:250.45,252.3 1 0
github.com/go-sonic/sonic/dal/flyway_schema_history.gen.go:252.8,254.3 1 0
github.com/go-sonic/sonic/dal/flyway_schema_history.gen.go:257.76,258.44 1 0
github.com/go-sonic/sonic/dal/flyway_schema_history.gen.go:258.44,260.3 1 0
github.com/go-sonic/sonic/dal/flyway_schema_history.gen.go:260.8,262.3 1 0
github.com/go-sonic/sonic/dal/flyway_schema_history.gen.go:265.76,266.44 1 0
github.com/go-sonic/sonic/dal/flyway_schema_history.gen.go:266.44,268.3 1 0
github.com/go-sonic/sonic/dal/flyway_schema_history.gen.go:268.8,270.3 1 0
github.com/go-sonic/sonic/dal/flyway_schema_history.gen.go:273.78,276.2 2 0
github.com/go-sonic/sonic/dal/flyway_schema_history.gen.go:278.148,280.78 2 0
github.com/go-sonic/sonic/dal/flyway_schema_history.gen.go:280.78,281.16 1 0
github.com/go-sonic/sonic/dal/flyway_schema_history.gen.go:281.16,281.53 1 0
github.com/go-sonic/sonic/dal/flyway_schema_history.gen.go:282.3,282.23 1 0
github.com/go-sonic/sonic/dal/flyway_schema_history.gen.go:284.2,284.21 1 0
github.com/go-sonic/sonic/dal/flyway_schema_history.gen.go:287.144,289.2 1 0
github.com/go-sonic/sonic/dal/flyway_schema_history.gen.go:291.88,293.2 1 0
github.com/go-sonic/sonic/dal/flyway_schema_history.gen.go:295.89,297.2 1 0
github.com/go-sonic/sonic/dal/flyway_schema_history.gen.go:299.92,300.28 1 0
github.com/go-sonic/sonic/dal/flyway_schema_history.gen.go:300.28,302.3 1 0
github.com/go-sonic/sonic/dal/flyway_schema_history.gen.go:303.2,303.11 1 0
github.com/go-sonic/sonic/dal/flyway_schema_history.gen.go:306.94,307.28 1 0
github.com/go-sonic/sonic/dal/flyway_schema_history.gen.go:307.28,309.3 1 0
github.com/go-sonic/sonic/dal/flyway_schema_history.gen.go:310.2,310.11 1 0
github.com/go-sonic/sonic/dal/flyway_schema_history.gen.go:313.83,314.51 1 0
github.com/go-sonic/sonic/dal/flyway_schema_history.gen.go:314.51,316.3 1 0
github.com/go-sonic/sonic/dal/flyway_schema_history.gen.go:316.8,318.3 1 0
github.com/go-sonic/sonic/dal/flyway_schema_history.gen.go:321.85,322.53 1 0
github.com/go-sonic/sonic/dal/flyway_schema_history.gen.go:322.53,324.3 1 0
github.com/go-sonic/sonic/dal/flyway_schema_history.gen.go:324.8,326.3 1 0
github.com/go-sonic/sonic/dal/flyway_schema_history.gen.go:329.129,331.16 2 0
github.com/go-sonic/sonic/dal/flyway_schema_history.gen.go:331.16,333.3 1 0
github.com/go-sonic/sonic/dal/flyway_schema_history.gen.go:335.2,335.64 1 0
github.com/go-sonic/sonic/dal/flyway_schema_history.gen.go:335.64,338.3 2 0
github.com/go-sonic/sonic/dal/flyway_schema_history.gen.go:340.2,341.8 2 0
github.com/go-sonic/sonic/dal/flyway_schema_history.gen.go:344.111,346.16 2 0
github.com/go-sonic/sonic/dal/flyway_schema_history.gen.go:346.16,348.3 1 0
github.com/go-sonic/sonic/dal/flyway_schema_history.gen.go:350.2,351.8 2 0
github.com/go-sonic/sonic/dal/flyway_schema_history.gen.go:354.69,356.2 1 0
github.com/go-sonic/sonic/dal/flyway_schema_history.gen.go:358.113,360.2 1 0
github.com/go-sonic/sonic/dal/flyway_schema_history.gen.go:362.75,365.2 2 0
github.com/go-sonic/sonic/dal/gen.go:38.52,58.2 19 0
github.com/go-sonic/sonic/dal/gen.go:60.52,82.2 1 0
github.com/go-sonic/sonic/dal/gen.go:107.34,107.56 1 0
github.com/go-sonic/sonic/dal/gen.go:109.43,131.2 1 0
github.com/go-sonic/sonic/dal/gen.go:133.33,135.2 1 0
github.com/go-sonic/sonic/dal/gen.go:137.34,139.2 1 0
github.com/go-sonic/sonic/dal/gen.go:141.47,163.2 1 0
github.com/go-sonic/sonic/dal/gen.go:186.60,207.2 1 0
github.com/go-sonic/sonic/dal/gen.go:209.85,210.50 1 0
github.com/go-sonic/sonic/dal/gen.go:210.50,210.76 1 0
github.com/go-sonic/sonic/dal/gen.go:213.56,216.2 2 0
github.com/go-sonic/sonic/dal/gen.go:223.34,225.2 1 0
github.com/go-sonic/sonic/dal/gen.go:227.36,229.2 1 0
github.com/go-sonic/sonic/dal/gen.go:231.48,233.2 1 0
github.com/go-sonic/sonic/dal/gen.go:235.49,237.2 1 0
github.com/go-sonic/sonic/dal/journal.gen.go:20.60,39.2 14 0
github.com/go-sonic/sonic/dal/journal.gen.go:56.54,59.2 2 0
github.com/go-sonic/sonic/dal/journal.gen.go:61.44,64.2 2 0
github.com/go-sonic/sonic/dal/journal.gen.go:66.58,79.2 10 0
github.com/go-sonic/sonic/dal/journal.gen.go:81.63,81.102 1 0
github.com/go-sonic/sonic/dal/journal.gen.go:83.37,83.71 1 0
github.com/go-sonic/sonic/dal/journal.gen.go:85.33,85.63 1 0
github.com/go-sonic/sonic/dal/journal.gen.go:87.58,87.97 1 0
github.com/go-sonic/sonic/dal/journal.gen.go:89.76,91.22 2 0
github.com/go-sonic/sonic/dal/journal.gen.go:91.22,93.3 1 0
github.com/go-sonic/sonic/dal/journal.gen.go:94.2,95.16 2 0
github.com/go-sonic/sonic/dal/journal.gen.go:98.34,107.2 8 0
github.com/go-sonic/sonic/dal/journal.gen.go:109.45,112.2 2 0
github.com/go-sonic/sonic/dal/journal.gen.go:114.49,117.2 2 0
github.com/go-sonic/sonic/dal/journal.gen.go:121.39,123.2 1 0
github.com/go-sonic/sonic/dal/journal.gen.go:125.64,127.2 1 0
github.com/go-sonic/sonic/dal/journal.gen.go:129.40,131.2 1 0
github.com/go-sonic/sonic/dal/journal.gen.go:133.41,135.2 1 0
github.com/go-sonic/sonic/dal/journal.gen.go:137.61,139.2 1 0
github.com/go-sonic/sonic/dal/journal.gen.go:141.67,143.2 1 0
github.com/go-sonic/sonic/dal/journal.gen.go:145.79,147.2 1 0
github.com/go-sonic/sonic/dal/journal.gen.go:149.59,151.2 1 0
github.com/go-sonic/sonic/dal/journal.gen.go:153.58,155.2 1 0
github.com/go-sonic/sonic/dal/journal.gen.go:157.59,159.2 1 0
github.com/go-sonic/sonic/dal/journal.gen.go:161.61,163.2 1 0
github.com/go-sonic/sonic/dal/journal.gen.go:165.58,167.2 1 0
github.com/go-sonic/sonic/dal/journal.gen.go:169.60,171.2 1 0
github.com/go-sonic/sonic/dal/journal.gen.go:173.56,175.2 1 0
github.com/go-sonic/sonic/dal/journal.gen.go:177.75,179.2 1 0
github.com/go-sonic/sonic/dal/journal.gen.go:181.79,183.2 1 0
github.com/go-sonic/sonic/dal/journal.gen.go:185.80,187.2 1 0
github.com/go-sonic/sonic/dal/journal.gen.go:189.57,191.2 1 0
github.com/go-sonic/sonic/dal/journal.gen.go:193.62,195.2 1 0
github.com/go-sonic/sonic/dal/journal.gen.go:197.48,199.2 1 0
github.com/go-sonic/sonic/dal/journal.gen.go:201.50,203.2 1 0
github.com/go-sonic/sonic/dal/journal.gen.go:205.70,207.2 1 0
github.com/go-sonic/sonic/dal/journal.gen.go:209.42,211.2 1 0
github.com/go-sonic/sonic/dal/journal.gen.go:213.60,214.22 1 0
github.com/go-sonic/sonic/dal/journal.gen.go:214.22,216.3 1 0
github.com/go-sonic/sonic/dal/journal.gen.go:217.2,217.28 1 0
github.com/go-sonic/sonic/dal/journal.gen.go:220.83,222.2 1 0
github.com/go-sonic/sonic/dal/journal.gen.go:226.58,227.22 1 0
github.com/go-sonic/sonic/dal/journal.gen.go:227.22,229.3 1 0
github.com/go-sonic/sonic/dal/journal.gen.go:230.2,230.26 1 0
github.com/go-sonic/sonic/dal/journal.gen.go:233.53,234.45 1 0
github.com/go-sonic/sonic/dal/journal.gen.go:234.45,236.3 1 0
github.com/go-sonic/sonic/dal/journal.gen.go:236.8,238.3 1 0
github.com/go-sonic/sonic/dal/journal.gen.go:241.52,242.44 1 0
github.com/go-sonic/sonic/dal/journal.gen.go:242.44,244.3 1 0
github.com/go-sonic/sonic/dal/journal.gen.go:244.8,246.3 1 0
github.com/go-sonic/sonic/dal/journal.gen.go:249.52,250.44 1 0
github.com/go-sonic/sonic/dal/journal.gen.go:250.44,252.3 1 0
github.com/go-sonic/sonic/dal/journal.gen.go:252.8,254.3 1 0
github.com/go-sonic/sonic/dal/journal.gen.go:257.54,260.2 2 0
github.com/go-sonic/sonic/dal/journal.gen.go:262.124,264.78 2 0
github.com/go-sonic/sonic/dal/journal.gen.go:264.78,265.16 1 0
github.com/go-sonic/sonic/dal/journal.gen.go:265.16,265.53 1 0
github.com/go-sonic/sonic/dal/journal.gen.go:266.3,266.23 1 0
github.com/go-sonic/sonic/dal/journal.gen.go:268.2,268.21 1 0
github.com/go-sonic/sonic/dal/journal.gen.go:271.120,273.2 1 0
github.com/go-sonic/sonic/dal/journal.gen.go:275.64,277.2 1 0
github.com/go-sonic/sonic/dal/journal.gen.go:279.65,281.2 1 0
github.com/go-sonic/sonic/dal/journal.gen.go:283.68,284.28 1 0
github.com/go-sonic/sonic/dal/journal.gen.go:284.28,286.3 1 0
github.com/go-sonic/sonic/dal/journal.gen.go:287.2,287.11 1 0
github.com/go-sonic/sonic/dal/journal.gen.go:290.70,291.28 1 0
github.com/go-sonic/sonic/dal/journal.gen.go:291.28,293.3 1 0
github.com/go-sonic/sonic/dal/journal.gen.go:294.2,294.11 1 0
github.com/go-sonic/sonic/dal/journal.gen.go:297.59,298.51 1 0
github.com/go-sonic/sonic/dal/journal.gen.go:298.51,300.3 1 0
github.com/go-sonic/sonic/dal/journal.gen.go:300.8,302.3 1 0
github.com/go-sonic/sonic/dal/journal.gen.go:305.61,306.53 1 0
github.com/go-sonic/sonic/dal/journal.gen.go:306.53,308.3 1 0
github.com/go-sonic/sonic/dal/journal.gen.go:308.8,310.3 1 0
github.com/go-sonic/sonic/dal/journal.gen.go:313.105,315.16 2 0
github.com/go-sonic/sonic/dal/journal.gen.go:315.16,317.3 1 0
github.com/go-sonic/sonic/dal/journal.gen.go:319.2,319.64 1 0
github.com/go-sonic/sonic/dal/journal.gen.go:319.64,322.3 2 0
github.com/go-sonic/sonic/dal/journal.gen.go:324.2,325.8 2 0
github.com/go-sonic/sonic/dal/journal.gen.go:328.99,330.16 2 0
github.com/go-sonic/sonic/dal/journal.gen.go:330.16,332.3 1 0
github.com/go-sonic/sonic/dal/journal.gen.go:334.2,335.8 2 0
github.com/go-sonic/sonic/dal/journal.gen.go:338.57,340.2 1 0
github.com/go-sonic/sonic/dal/journal.gen.go:342.89,344.2 1 0
github.com/go-sonic/sonic/dal/journal.gen.go:346.51,349.2 2 0
github.com/go-sonic/sonic/dal/link.gen.go:20.54,41.2 16 0
github.com/go-sonic/sonic/dal/link.gen.go:60.48,63.2 2 0
github.com/go-sonic/sonic/dal/link.gen.go:65.38,68.2 2 0
github.com/go-sonic/sonic/dal/link.gen.go:70.52,85.2 12 0
github.com/go-sonic/sonic/dal/link.gen.go:87.57,87.93 1 0
github.com/go-sonic/sonic/dal/link.gen.go:89.34,89.65 1 0
github.com/go-sonic/sonic/dal/link.gen.go:91.30,91.57 1 0
github.com/go-sonic/sonic/dal/link.gen.go:93.55,93.91 1 0
github.com/go-sonic/sonic/dal/link.gen.go:95.73,97.22 2 0
github.com/go-sonic/sonic/dal/link.gen.go:97.22,99.3 1 0
github.com/go-sonic/sonic/dal/link.gen.go:100.2,101.16 2 0
github.com/go-sonic/sonic/dal/link.gen.go:104.31,115.2 10 0
github.com/go-sonic/sonic/dal/link.gen.go:117.39,120.2 2 0
github.com/go-sonic/sonic/dal/link.gen.go:122.43,125.2 2 0
github.com/go-sonic/sonic/dal/link.gen.go:129.33,131.2 1 0
github.com/go-sonic/sonic/dal/link.gen.go:133.58,135.2 1 0
github.com/go-sonic/sonic/dal/link.gen.go:137.34,139.2 1 0
github.com/go-sonic/sonic/dal/link.gen.go:141.35,143.2 1 0
github.com/go-sonic/sonic/dal/link.gen.go:145.55,147.2 1 0
github.com/go-sonic/sonic/dal/link.gen.go:149.61,151.2 1 0
github.com/go-sonic/sonic/dal/link.gen.go:153.73,155.2 1 0
github.com/go-sonic/sonic/dal/link.gen.go:157.53,159.2 1 0
github.com/go-sonic/sonic/dal/link.gen.go:161.52,163.2 1 0
github.com/go-sonic/sonic/dal/link.gen.go:165.53,167.2 1 0
github.com/go-sonic/sonic/dal/link.gen.go:169.55,171.2 1 0
github.com/go-sonic/sonic/dal/link.gen.go:173.52,175.2 1 0
github.com/go-sonic/sonic/dal/link.gen.go:177.54,179.2 1 0
github.com/go-sonic/sonic/dal/link.gen.go:181.50,183.2 1 0
github.com/go-sonic/sonic/dal/link.gen.go:185.69,187.2 1 0
github.com/go-sonic/sonic/dal/link.gen.go:189.73,191.2 1 0
github.com/go-sonic/sonic/dal/link.gen.go:193.74,195.2 1 0
github.com/go-sonic/sonic/dal/link.gen.go:197.51,199.2 1 0
github.com/go-sonic/sonic/dal/link.gen.go:201.56,203.2 1 0
github.com/go-sonic/sonic/dal/link.gen.go:205.42,207.2 1 0
github.com/go-sonic/sonic/dal/link.gen.go:209.44,211.2 1 0
github.com/go-sonic/sonic/dal/link.gen.go:213.64,215.2 1 0
github.com/go-sonic/sonic/dal/link.gen.go:217.36,219.2 1 0
github.com/go-sonic/sonic/dal/link.gen.go:221.54,222.22 1 0
github.com/go-sonic/sonic/dal/link.gen.go:222.22,224.3 1 0
github.com/go-sonic/sonic/dal/link.gen.go:225.2,225.28 1 0
github.com/go-sonic/sonic/dal/link.gen.go:228.77,230.2 1 0
github.com/go-sonic/sonic/dal/link.gen.go:234.52,235.22 1 0
github.com/go-sonic/sonic/dal/link.gen.go:235.22,237.3 1 0
github.com/go-sonic/sonic/dal/link.gen.go:238.2,238.26 1 0
github.com/go-sonic/sonic/dal/link.gen.go:241.47,242.45 1 0
github.com/go-sonic/sonic/dal/link.gen.go:242.45,244.3 1 0
github.com/go-sonic/sonic/dal/link.gen.go:244.8,246.3 1 0
github.com/go-sonic/sonic/dal/link.gen.go:249.46,250.44 1 0
github.com/go-sonic/sonic/dal/link.gen.go:250.44,252.3 1 0
github.com/go-sonic/sonic/dal/link.gen.go:252.8,254.3 1 0
github.com/go-sonic/sonic/dal/link.gen.go:257.46,258.44 1 0
github.com/go-sonic/sonic/dal/link.gen.go:258.44,260.3 1 0
github.com/go-sonic/sonic/dal/link.gen.go:260.8,262.3 1 0
github.com/go-sonic/sonic/dal/link.gen.go:265.48,268.2 2 0
github.com/go-sonic/sonic/dal/link.gen.go:270.118,272.78 2 0
github.com/go-sonic/sonic/dal/link.gen.go:272.78,273.16 1 0
github.com/go-sonic/sonic/dal/link.gen.go:273.16,273.53 1 0
github.com/go-sonic/sonic/dal/link.gen.go:274.3,274.23 1 0
github.com/go-sonic/sonic/dal/link.gen.go:276.2,276.21 1 0
github.com/go-sonic/sonic/dal/link.gen.go:279.114,281.2 1 0
github.com/go-sonic/sonic/dal/link.gen.go:283.58,285.2 1 0
github.com/go-sonic/sonic/dal/link.gen.go:287.59,289.2 1 0
github.com/go-sonic/sonic/dal/link.gen.go:291.62,292.28 1 0
github.com/go-sonic/sonic/dal/link.gen.go:292.28,294.3 1 0
github.com/go-sonic/sonic/dal/link.gen.go:295.2,295.11 1 0
github.com/go-sonic/sonic/dal/link.gen.go:298.64,299.28 1 0
github.com/go-sonic/sonic/dal/link.gen.go:299.28,301.3 1 0
github.com/go-sonic/sonic/dal/link.gen.go:302.2,302.11 1 0
github.com/go-sonic/sonic/dal/link.gen.go:305.53,306.51 1 0
github.com/go-sonic/sonic/dal/link.gen.go:306.51,308.3 1 0
github.com/go-sonic/sonic/dal/link.gen.go:308.8,310.3 1 0
github.com/go-sonic/sonic/dal/link.gen.go:313.55,314.53 1 0
github.com/go-sonic/sonic/dal/link.gen.go:314.53,316.3 1 0
github.com/go-sonic/sonic/dal/link.gen.go:316.8,318.3 1 0
github.com/go-sonic/sonic/dal/link.gen.go:321.99,323.16 2 0
github.com/go-sonic/sonic/dal/link.gen.go:323.16,325.3 1 0
github.com/go-sonic/sonic/dal/link.gen.go:327.2,327.64 1 0
github.com/go-sonic/sonic/dal/link.gen.go:327.64,330.3 2 0
github.com/go-sonic/sonic/dal/link.gen.go:332.2,333.8 2 0
github.com/go-sonic/sonic/dal/link.gen.go:336.96,338.16 2 0
github.com/go-sonic/sonic/dal/link.gen.go:338.16,340.3 1 0
github.com/go-sonic/sonic/dal/link.gen.go:342.2,343.8 2 0
github.com/go-sonic/sonic/dal/link.gen.go:346.54,348.2 1 0
github.com/go-sonic/sonic/dal/link.gen.go:350.83,352.2 1 0
github.com/go-sonic/sonic/dal/link.gen.go:354.45,357.2 2 0
github.com/go-sonic/sonic/dal/log.gen.go:20.52,39.2 14 0
github.com/go-sonic/sonic/dal/log.gen.go:56.46,59.2 2 0
github.com/go-sonic/sonic/dal/log.gen.go:61.36,64.2 2 0
github.com/go-sonic/sonic/dal/log.gen.go:66.50,79.2 10 0
github.com/go-sonic/sonic/dal/log.gen.go:81.55,81.90 1 0
github.com/go-sonic/sonic/dal/log.gen.go:83.33,83.63 1 0
github.com/go-sonic/sonic/dal/log.gen.go:85.29,85.55 1 0
github.com/go-sonic/sonic/dal/log.gen.go:87.54,87.89 1 0
github.com/go-sonic/sonic/dal/log.gen.go:89.72,91.22 2 0
github.com/go-sonic/sonic/dal/log.gen.go:91.22,93.3 1 0
github.com/go-sonic/sonic/dal/log.gen.go:94.2,95.16 2 0
github.com/go-sonic/sonic/dal/log.gen.go:98.30,107.2 8 0
github.com/go-sonic/sonic/dal/log.gen.go:109.37,112.2 2 0
github.com/go-sonic/sonic/dal/log.gen.go:114.41,117.2 2 0
github.com/go-sonic/sonic/dal/log.gen.go:121.31,123.2 1 0
github.com/go-sonic/sonic/dal/log.gen.go:125.56,127.2 1 0
github.com/go-sonic/sonic/dal/log.gen.go:129.32,131.2 1 0
github.com/go-sonic/sonic/dal/log.gen.go:133.33,135.2 1 0
github.com/go-sonic/sonic/dal/log.gen.go:137.53,139.2 1 0
github.com/go-sonic/sonic/dal/log.gen.go:141.59,143.2 1 0
github.com/go-sonic/sonic/dal/log.gen.go:145.71,147.2 1 0
github.com/go-sonic/sonic/dal/log.gen.go:149.51,151.2 1 0
github.com/go-sonic/sonic/dal/log.gen.go:153.50,155.2 1 0
github.com/go-sonic/sonic/dal/log.gen.go:157.51,159.2 1 0
github.com/go-sonic/sonic/dal/log.gen.go:161.53,163.2 1 0
github.com/go-sonic/sonic/dal/log.gen.go:165.50,167.2 1 0
github.com/go-sonic/sonic/dal/log.gen.go:169.52,171.2 1 0
github.com/go-sonic/sonic/dal/log.gen.go:173.48,175.2 1 0
github.com/go-sonic/sonic/dal/log.gen.go:177.67,179.2 1 0
github.com/go-sonic/sonic/dal/log.gen.go:181.71,183.2 1 0
github.com/go-sonic/sonic/dal/log.gen.go:185.72,187.2 1 0
github.com/go-sonic/sonic/dal/log.gen.go:189.49,191.2 1 0
github.com/go-sonic/sonic/dal/log.gen.go:193.54,195.2 1 0
github.com/go-sonic/sonic/dal/log.gen.go:197.40,199.2 1 0
github.com/go-sonic/sonic/dal/log.gen.go:201.42,203.2 1 0
github.com/go-sonic/sonic/dal/log.gen.go:205.62,207.2 1 0
github.com/go-sonic/sonic/dal/log.gen.go:209.34,211.2 1 0
github.com/go-sonic/sonic/dal/log.gen.go:213.52,214.22 1 0
github.com/go-sonic/sonic/dal/log.gen.go:214.22,216.3 1 0
github.com/go-sonic/sonic/dal/log.gen.go:217.2,217.28 1 0
github.com/go-sonic/sonic/dal/log.gen.go:220.75,222.2 1 0
github.com/go-sonic/sonic/dal/log.gen.go:226.50,227.22 1 0
github.com/go-sonic/sonic/dal/log.gen.go:227.22,229.3 1 0
github.com/go-sonic/sonic/dal/log.gen.go:230.2,230.26 1 0
github.com/go-sonic/sonic/dal/log.gen.go:233.45,234.45 1 0
github.com/go-sonic/sonic/dal/log.gen.go:234.45,236.3 1 0
github.com/go-sonic/sonic/dal/log.gen.go:236.8,238.3 1 0
github.com/go-sonic/sonic/dal/log.gen.go:241.44,242.44 1 0
github.com/go-sonic/sonic/dal/log.gen.go:242.44,244.3 1 0
github.com/go-sonic/sonic/dal/log.gen.go:244.8,246.3 1 0
github.com/go-sonic/sonic/dal/log.gen.go:249.44,250.44 1 0
github.com/go-sonic/sonic/dal/log.gen.go:250.44,252.3 1 0
github.com/go-sonic/sonic/dal/log.gen.go:252.8,254.3 1 0
github.com/go-sonic/sonic/dal/log.gen.go:257.46,260.2 2 0
github.com/go-sonic/sonic/dal/log.gen.go:262.116,264.78 2 0
github.com/go-sonic/sonic/dal/log.gen.go:264.78,265.16 1 0
github.com/go-sonic/sonic/dal/log.gen.go:265.16,265.53 1 0
github.com/go-sonic/sonic/dal/log.gen.go:266.3,266.23 1 0
github.com/go-sonic/sonic/dal/log.gen.go:268.2,268.21 1 0
github.com/go-sonic/sonic/dal/log.gen.go:271.112,273.2 1 0
github.com/go-sonic/sonic/dal/log.gen.go:275.56,277.2 1 0
github.com/go-sonic/sonic/dal/log.gen.go:279.57,281.2 1 0
github.com/go-sonic/sonic/dal/log.gen.go:283.60,284.28 1 0
github.com/go-sonic/sonic/dal/log.gen.go:284.28,286.3 1 0
github.com/go-sonic/sonic/dal/log.gen.go:287.2,287.11 1 0
github.com/go-sonic/sonic/dal/log.gen.go:290.62,291.28 1 0
github.com/go-sonic/sonic/dal/log.gen.go:291.28,293.3 1 0
github.com/go-sonic/sonic/dal/log.gen.go:294.2,294.11 1 0
github.com/go-sonic/sonic/dal/log.gen.go:297.51,298.51 1 0
github.com/go-sonic/sonic/dal/log.gen.go:298.51,300.3 1 0
github.com/go-sonic/sonic/dal/log.gen.go:300.8,302.3 1 0
github.com/go-sonic/sonic/dal/log.gen.go:305.53,306.53 1 0
github.com/go-sonic/sonic/dal/log.gen.go:306.53,308.3 1 0
github.com/go-sonic/sonic/dal/log.gen.go:308.8,310.3 1 0
github.com/go-sonic/sonic/dal/log.gen.go:313.97,315.16 2 0
github.com/go-sonic/sonic/dal/log.gen.go:315.16,317.3 1 0
github.com/go-sonic/sonic/dal/log.gen.go:319.2,319.64 1 0
github.com/go-sonic/sonic/dal/log.gen.go:319.64,322.3 2 0
github.com/go-sonic/sonic/dal/log.gen.go:324.2,325.8 2 0
github.com/go-sonic/sonic/dal/log.gen.go:328.95,330.16 2 0
github.com/go-sonic/sonic/dal/log.gen.go:330.16,332.3 1 0
github.com/go-sonic/sonic/dal/log.gen.go:334.2,335.8 2 0
github.com/go-sonic/sonic/dal/log.gen.go:338.53,340.2 1 0
github.com/go-sonic/sonic/dal/log.gen.go:342.81,344.2 1 0
github.com/go-sonic/sonic/dal/log.gen.go:346.43,349.2 2 0
github.com/go-sonic/sonic/dal/menu.gen.go:20.54,42.2 17 0
github.com/go-sonic/sonic/dal/menu.gen.go:62.48,65.2 2 0
github.com/go-sonic/sonic/dal/menu.gen.go:67.38,70.2 2 0
github.com/go-sonic/sonic/dal/menu.gen.go:72.52,88.2 13 0
github.com/go-sonic/sonic/dal/menu.gen.go:90.57,90.93 1 0
github.com/go-sonic/sonic/dal/menu.gen.go:92.34,92.65 1 0
github.com/go-sonic/sonic/dal/menu.gen.go:94.30,94.57 1 0
github.com/go-sonic/sonic/dal/menu.gen.go:96.55,96.91 1 0
github.com/go-sonic/sonic/dal/menu.gen.go:98.73,100.22 2 0
github.com/go-sonic/sonic/dal/menu.gen.go:100.22,102.3 1 0
github.com/go-sonic/sonic/dal/menu.gen.go:103.2,104.16 2 0
github.com/go-sonic/sonic/dal/menu.gen.go:107.31,119.2 11 0
github.com/go-sonic/sonic/dal/menu.gen.go:121.39,124.2 2 0
github.com/go-sonic/sonic/dal/menu.gen.go:126.43,129.2 2 0
github.com/go-sonic/sonic/dal/menu.gen.go:133.33,135.2 1 0
github.com/go-sonic/sonic/dal/menu.gen.go:137.58,139.2 1 0
github.com/go-sonic/sonic/dal/menu.gen.go:141.34,143.2 1 0
github.com/go-sonic/sonic/dal/menu.gen.go:145.35,147.2 1 0
github.com/go-sonic/sonic/dal/menu.gen.go:149.55,151.2 1 0
github.com/go-sonic/sonic/dal/menu.gen.go:153.61,155.2 1 0
github.com/go-sonic/sonic/dal/menu.gen.go:157.73,159.2 1 0
github.com/go-sonic/sonic/dal/menu.gen.go:161.53,163.2 1 0
github.com/go-sonic/sonic/dal/menu.gen.go:165.52,167.2 1 0
github.com/go-sonic/sonic/dal/menu.gen.go:169.53,171.2 1 0
github.com/go-sonic/sonic/dal/menu.gen.go:173.55,175.2 1 0
github.com/go-sonic/sonic/dal/menu.gen.go:177.52,179.2 1 0
github.com/go-sonic/sonic/dal/menu.gen.go:181.54,183.2 1 0
github.com/go-sonic/sonic/dal/menu.gen.go:185.50,187.2 1 0
github.com/go-sonic/sonic/dal/menu.gen.go:189.69,191.2 1 0
github.com/go-sonic/sonic/dal/menu.gen.go:193.73,195.2 1 0
github.com/go-sonic/sonic/dal/menu.gen.go:197.74,199.2 1 0
github.com/go-sonic/sonic/dal/menu.gen.go:201.51,203.2 1 0
github.com/go-sonic/sonic/dal/menu.gen.go:205.56,207.2 1 0
github.com/go-sonic/sonic/dal/menu.gen.go:209.42,211.2 1 0
github.com/go-sonic/sonic/dal/menu.gen.go:213.44,215.2 1 0
github.com/go-sonic/sonic/dal/menu.gen.go:217.64,219.2 1 0
github.com/go-sonic/sonic/dal/menu.gen.go:221.36,223.2 1 0
github.com/go-sonic/sonic/dal/menu.gen.go:225.54,226.22 1 0
github.com/go-sonic/sonic/dal/menu.gen.go:226.22,228.3 1 0
github.com/go-sonic/sonic/dal/menu.gen.go:229.2,229.28 1 0
github.com/go-sonic/sonic/dal/menu.gen.go:232.77,234.2 1 0
github.com/go-sonic/sonic/dal/menu.gen.go:238.52,239.22 1 0
github.com/go-sonic/sonic/dal/menu.gen.go:239.22,241.3 1 0
github.com/go-sonic/sonic/dal/menu.gen.go:242.2,242.26 1 0
github.com/go-sonic/sonic/dal/menu.gen.go:245.47,246.45 1 0
github.com/go-sonic/sonic/dal/menu.gen.go:246.45,248.3 1 0
github.com/go-sonic/sonic/dal/menu.gen.go:248.8,250.3 1 0
github.com/go-sonic/sonic/dal/menu.gen.go:253.46,254.44 1 0
github.com/go-sonic/sonic/dal/menu.gen.go:254.44,256.3 1 0
github.com/go-sonic/sonic/dal/menu.gen.go:256.8,258.3 1 0
github.com/go-sonic/sonic/dal/menu.gen.go:261.46,262.44 1 0
github.com/go-sonic/sonic/dal/menu.gen.go:262.44,264.3 1 0
github.com/go-sonic/sonic/dal/menu.gen.go:264.8,266.3 1 0
github.com/go-sonic/sonic/dal/menu.gen.go:269.48,272.2 2 0
github.com/go-sonic/sonic/dal/menu.gen.go:274.118,276.78 2 0
github.com/go-sonic/sonic/dal/menu.gen.go:276.78,277.16 1 0
github.com/go-sonic/sonic/dal/menu.gen.go:277.16,277.53 1 0
github.com/go-sonic/sonic/dal/menu.gen.go:278.3,278.23 1 0
github.com/go-sonic/sonic/dal/menu.gen.go:280.2,280.21 1 0
github.com/go-sonic/sonic/dal/menu.gen.go:283.114,285.2 1 0
github.com/go-sonic/sonic/dal/menu.gen.go:287.58,289.2 1 0
github.com/go-sonic/sonic/dal/menu.gen.go:291.59,293.2 1 0
github.com/go-sonic/sonic/dal/menu.gen.go:295.62,296.28 1 0
github.com/go-sonic/sonic/dal/menu.gen.go:296.28,298.3 1 0
github.com/go-sonic/sonic/dal/menu.gen.go:299.2,299.11 1 0
github.com/go-sonic/sonic/dal/menu.gen.go:302.64,303.28 1 0
github.com/go-sonic/sonic/dal/menu.gen.go:303.28,305.3 1 0
github.com/go-sonic/sonic/dal/menu.gen.go:306.2,306.11 1 0
github.com/go-sonic/sonic/dal/menu.gen.go:309.53,310.51 1 0
github.com/go-sonic/sonic/dal/menu.gen.go:310.51,312.3 1 0
github.com/go-sonic/sonic/dal/menu.gen.go:312.8,314.3 1 0
github.com/go-sonic/sonic/dal/menu.gen.go:317.55,318.53 1 0
github.com/go-sonic/sonic/dal/menu.gen.go:318.53,320.3 1 0
github.com/go-sonic/sonic/dal/menu.gen.go:320.8,322.3 1 0
github.com/go-sonic/sonic/dal/menu.gen.go:325.99,327.16 2 0
github.com/go-sonic/sonic/dal/menu.gen.go:327.16,329.3 1 0
github.com/go-sonic/sonic/dal/menu.gen.go:331.2,331.64 1 0
github.com/go-sonic/sonic/dal/menu.gen.go:331.64,334.3 2 0
github.com/go-sonic/sonic/dal/menu.gen.go:336.2,337.8 2 0
github.com/go-sonic/sonic/dal/menu.gen.go:340.96,342.16 2 0
github.com/go-sonic/sonic/dal/menu.gen.go:342.16,344.3 1 0
github.com/go-sonic/sonic/dal/menu.gen.go:346.2,347.8 2 0
github.com/go-sonic/sonic/dal/menu.gen.go:350.54,352.2 1 0
github.com/go-sonic/sonic/dal/menu.gen.go:354.83,356.2 1 0
github.com/go-sonic/sonic/dal/menu.gen.go:358.45,361.2 2 0
github.com/go-sonic/sonic/dal/meta.gen.go:20.54,39.2 14 0
github.com/go-sonic/sonic/dal/meta.gen.go:56.48,59.2 2 0
github.com/go-sonic/sonic/dal/meta.gen.go:61.38,64.2 2 0
github.com/go-sonic/sonic/dal/meta.gen.go:66.52,79.2 10 0
github.com/go-sonic/sonic/dal/meta.gen.go:81.57,81.93 1 0
github.com/go-sonic/sonic/dal/meta.gen.go:83.34,83.65 1 0
github.com/go-sonic/sonic/dal/meta.gen.go:85.30,85.57 1 0
github.com/go-sonic/sonic/dal/meta.gen.go:87.55,87.91 1 0
github.com/go-sonic/sonic/dal/meta.gen.go:89.73,91.22 2 0
github.com/go-sonic/sonic/dal/meta.gen.go:91.22,93.3 1 0
github.com/go-sonic/sonic/dal/meta.gen.go:94.2,95.16 2 0
github.com/go-sonic/sonic/dal/meta.gen.go:98.31,107.2 8 0
github.com/go-sonic/sonic/dal/meta.gen.go:109.39,112.2 2 0
github.com/go-sonic/sonic/dal/meta.gen.go:114.43,117.2 2 0
github.com/go-sonic/sonic/dal/meta.gen.go:121.33,123.2 1 0
github.com/go-sonic/sonic/dal/meta.gen.go:125.58,127.2 1 0
github.com/go-sonic/sonic/dal/meta.gen.go:129.34,131.2 1 0
github.com/go-sonic/sonic/dal/meta.gen.go:133.35,135.2 1 0
github.com/go-sonic/sonic/dal/meta.gen.go:137.55,139.2 1 0
github.com/go-sonic/sonic/dal/meta.gen.go:141.61,143.2 1 0
github.com/go-sonic/sonic/dal/meta.gen.go:145.73,147.2 1 0
github.com/go-sonic/sonic/dal/meta.gen.go:149.53,151.2 1 0
github.com/go-sonic/sonic/dal/meta.gen.go:153.52,155.2 1 0
github.com/go-sonic/sonic/dal/meta.gen.go:157.53,159.2 1 0
github.com/go-sonic/sonic/dal/meta.gen.go:161.55,163.2 1 0
github.com/go-sonic/sonic/dal/meta.gen.go:165.52,167.2 1 0
github.com/go-sonic/sonic/dal/meta.gen.go:169.54,171.2 1 0
github.com/go-sonic/sonic/dal/meta.gen.go:173.50,175.2 1 0
github.com/go-sonic/sonic/dal/meta.gen.go:177.69,179.2 1 0
github.com/go-sonic/sonic/dal/meta.gen.go:181.73,183.2 1 0
github.com/go-sonic/sonic/dal/meta.gen.go:185.74,187.2 1 0
github.com/go-sonic/sonic/dal/meta.gen.go:189.51,191.2 1 0
github.com/go-sonic/sonic/dal/meta.gen.go:193.56,195.2 1 0
github.com/go-sonic/sonic/dal/meta.gen.go:197.42,199.2 1 0
github.com/go-sonic/sonic/dal/meta.gen.go:201.44,203.2 1 0
github.com/go-sonic/sonic/dal/meta.gen.go:205.64,207.2 1 0
github.com/go-sonic/sonic/dal/meta.gen.go:209.36,211.2 1 0
github.com/go-sonic/sonic/dal/meta.gen.go:213.54,214.22 1 0
github.com/go-sonic/sonic/dal/meta.gen.go:214.22,216.3 1 0
github.com/go-sonic/sonic/dal/meta.gen.go:217.2,217.28 1 0
github.com/go-sonic/sonic/dal/meta.gen.go:220.77,222.2 1 0
github.com/go-sonic/sonic/dal/meta.gen.go:226.52,227.22 1 0
github.com/go-sonic/sonic/dal/meta.gen.go:227.22,229.3 1 0
github.com/go-sonic/sonic/dal/meta.gen.go:230.2,230.26 1 0
github.com/go-sonic/sonic/dal/meta.gen.go:233.47,234.45 1 0
github.com/go-sonic/sonic/dal/meta.gen.go:234.45,236.3 1 0
github.com/go-sonic/sonic/dal/meta.gen.go:236.8,238.3 1 0
github.com/go-sonic/sonic/dal/meta.gen.go:241.46,242.44 1 0
github.com/go-sonic/sonic/dal/meta.gen.go:242.44,244.3 1 0
github.com/go-sonic/sonic/dal/meta.gen.go:244.8,246.3 1 0
github.com/go-sonic/sonic/dal/meta.gen.go:249.46,250.44 1 0
github.com/go-sonic/sonic/dal/meta.gen.go:250.44,252.3 1 0
github.com/go-sonic/sonic/dal/meta.gen.go:252.8,254.3 1 0
github.com/go-sonic/sonic/dal/meta.gen.go:257.48,260.2 2 0
github.com/go-sonic/sonic/dal/meta.gen.go:262.118,264.78 2 0
github.com/go-sonic/sonic/dal/meta.gen.go:264.78,265.16 1 0
github.com/go-sonic/sonic/dal/meta.gen.go:265.16,265.53 1 0
github.com/go-sonic/sonic/dal/meta.gen.go:266.3,266.23 1 0
github.com/go-sonic/sonic/dal/meta.gen.go:268.2,268.21 1 0
github.com/go-sonic/sonic/dal/meta.gen.go:271.114,273.2 1 0
github.com/go-sonic/sonic/dal/meta.gen.go:275.58,277.2 1 0
github.com/go-sonic/sonic/dal/meta.gen.go:279.59,281.2 1 0
github.com/go-sonic/sonic/dal/meta.gen.go:283.62,284.28 1 0
github.com/go-sonic/sonic/dal/meta.gen.go:284.28,286.3 1 0
github.com/go-sonic/sonic/dal/meta.gen.go:287.2,287.11 1 0
github.com/go-sonic/sonic/dal/meta.gen.go:290.64,291.28 1 0
github.com/go-sonic/sonic/dal/meta.gen.go:291.28,293.3 1 0
github.com/go-sonic/sonic/dal/meta.gen.go:294.2,294.11 1 0
github.com/go-sonic/sonic/dal/meta.gen.go:297.53,298.51 1 0
github.com/go-sonic/sonic/dal/meta.gen.go:298.51,300.3 1 0
github.com/go-sonic/sonic/dal/meta.gen.go:300.8,302.3 1 0
github.com/go-sonic/sonic/dal/meta.gen.go:305.55,306.53 1 0
github.com/go-sonic/sonic/dal/meta.gen.go:306.53,308.3 1 0
github.com/go-sonic/sonic/dal/meta.gen.go:308.8,310.3 1 0
github.com/go-sonic/sonic/dal/meta.gen.go:313.99,315.16 2 0
github.com/go-sonic/sonic/dal/meta.gen.go:315.16,317.3 1 0
github.com/go-sonic/sonic/dal/meta.gen.go:319.2,319.64 1 0
github.com/go-sonic/sonic/dal/meta.gen.go:319.64,322.3 2 0
github.com/go-sonic/sonic/dal/meta.gen.go:324.2,325.8 2 0
github.com/go-sonic/sonic/dal/meta.gen.go:328.96,330.16 2 0
github.com/go-sonic/sonic/dal/meta.gen.go:330.16,332.3 1 0
github.com/go-sonic/sonic/dal/meta.gen.go:334.2,335.8 2 0
github.com/go-sonic/sonic/dal/meta.gen.go:338.54,340.2 1 0
github.com/go-sonic/sonic/dal/meta.gen.go:342.83,344.2 1 0
github.com/go-sonic/sonic/dal/meta.gen.go:346.45,349.2 2 0
github.com/go-sonic/sonic/dal/option.gen.go:20.58,38.2 13 0
github.com/go-sonic/sonic/dal/option.gen.go:54.52,57.2 2 0
github.com/go-sonic/sonic/dal/option.gen.go:59.42,62.2 2 0
github.com/go-sonic/sonic/dal/option.gen.go:64.56,76.2 9 0
github.com/go-sonic/sonic/dal/option.gen.go:78.61,78.99 1 0
github.com/go-sonic/sonic/dal/option.gen.go:80.36,80.69 1 0
github.com/go-sonic/sonic/dal/option.gen.go:82.32,82.61 1 0
github.com/go-sonic/sonic/dal/option.gen.go:84.57,84.95 1 0
github.com/go-sonic/sonic/dal/option.gen.go:86.75,88.22 2 0
github.com/go-sonic/sonic/dal/option.gen.go:88.22,90.3 1 0
github.com/go-sonic/sonic/dal/option.gen.go:91.2,92.16 2 0
github.com/go-sonic/sonic/dal/option.gen.go:95.33,103.2 7 0
github.com/go-sonic/sonic/dal/option.gen.go:105.43,108.2 2 0
github.com/go-sonic/sonic/dal/option.gen.go:110.47,113.2 2 0
github.com/go-sonic/sonic/dal/option.gen.go:117.37,119.2 1 0
github.com/go-sonic/sonic/dal/option.gen.go:121.62,123.2 1 0
github.com/go-sonic/sonic/dal/option.gen.go:125.38,127.2 1 0
github.com/go-sonic/sonic/dal/option.gen.go:129.39,131.2 1 0
github.com/go-sonic/sonic/dal/option.gen.go:133.59,135.2 1 0
github.com/go-sonic/sonic/dal/option.gen.go:137.65,139.2 1 0
github.com/go-sonic/sonic/dal/option.gen.go:141.77,143.2 1 0
github.com/go-sonic/sonic/dal/option.gen.go:145.57,147.2 1 0
github.com/go-sonic/sonic/dal/option.gen.go:149.56,151.2 1 0
github.com/go-sonic/sonic/dal/option.gen.go:153.57,155.2 1 0
github.com/go-sonic/sonic/dal/option.gen.go:157.59,159.2 1 0
github.com/go-sonic/sonic/dal/option.gen.go:161.56,163.2 1 0
github.com/go-sonic/sonic/dal/option.gen.go:165.58,167.2 1 0
github.com/go-sonic/sonic/dal/option.gen.go:169.54,171.2 1 0
github.com/go-sonic/sonic/dal/option.gen.go:173.73,175.2 1 0
github.com/go-sonic/sonic/dal/option.gen.go:177.77,179.2 1 0
github.com/go-sonic/sonic/dal/option.gen.go:181.78,183.2 1 0
github.com/go-sonic/sonic/dal/option.gen.go:185.55,187.2 1 0
github.com/go-sonic/sonic/dal/option.gen.go:189.60,191.2 1 0
github.com/go-sonic/sonic/dal/option.gen.go:193.46,195.2 1 0
github.com/go-sonic/sonic/dal/option.gen.go:197.48,199.2 1 0
github.com/go-sonic/sonic/dal/option.gen.go:201.68,203.2 1 0
github.com/go-sonic/sonic/dal/option.gen.go:205.40,207.2 1 0
github.com/go-sonic/sonic/dal/option.gen.go:209.58,210.22 1 0
github.com/go-sonic/sonic/dal/option.gen.go:210.22,212.3 1 0
github.com/go-sonic/sonic/dal/option.gen.go:213.2,213.28 1 0
github.com/go-sonic/sonic/dal/option.gen.go:216.81,218.2 1 0
github.com/go-sonic/sonic/dal/option.gen.go:222.56,223.22 1 0
github.com/go-sonic/sonic/dal/option.gen.go:223.22,225.3 1 0
github.com/go-sonic/sonic/dal/option.gen.go:226.2,226.26 1 0
github.com/go-sonic/sonic/dal/option.gen.go:229.51,230.45 1 0
github.com/go-sonic/sonic/dal/option.gen.go:230.45,232.3 1 0
github.com/go-sonic/sonic/dal/option.gen.go:232.8,234.3 1 0
github.com/go-sonic/sonic/dal/option.gen.go:237.50,238.44 1 0
github.com/go-sonic/sonic/dal/option.gen.go:238.44,240.3 1 0
github.com/go-sonic/sonic/dal/option.gen.go:240.8,242.3 1 0
github.com/go-sonic/sonic/dal/option.gen.go:245.50,246.44 1 0
[...]
github.com/go-sonic/sonic/util/pageparser/metadecoders/decoder.go:231.24,232.51 1 0
github.com/go-sonic/sonic/util/pageparser/metadecoders/decoder.go:232.51,234.5 1 0
github.com/go-sonic/sonic/util/pageparser/metadecoders/decoder.go:236.19,242.24 3 0
github.com/go-sonic/sonic/util/pageparser/metadecoders/decoder.go:242.24,245.32 2 0
github.com/go-sonic/sonic/util/pageparser/metadecoders/decoder.go:245.32,247.19 2 0
github.com/go-sonic/sonic/util/pageparser/metadecoders/decoder.go:247.19,249.6 1 0
github.com/go-sonic/sonic/util/pageparser/metadecoders/decoder.go:251.4,251.53 1 0
github.com/go-sonic/sonic/util/pageparser/metadecoders/decoder.go:251.53,253.5 1 0
github.com/go-sonic/sonic/util/pageparser/metadecoders/decoder.go:253.10,255.5 1 0
github.com/go-sonic/sonic/util/pageparser/metadecoders/decoder.go:257.3,257.19 1 0
github.com/go-sonic/sonic/util/pageparser/metadecoders/decoder.go:260.2,260.19 1 0
github.com/go-sonic/sonic/util/pageparser/metadecoders/format.go:36.48,38.38 2 0
github.com/go-sonic/sonic/util/pageparser/metadecoders/format.go:38.38,41.3 1 0
github.com/go-sonic/sonic/util/pageparser/metadecoders/format.go:42.2,42.19 1 0
github.com/go-sonic/sonic/util/pageparser/metadecoders/format.go:43.21,44.14 1 0
github.com/go-sonic/sonic/util/pageparser/metadecoders/format.go:45.14,46.14 1 0
github.com/go-sonic/sonic/util/pageparser/metadecoders/format.go:47.14,48.14 1 0
github.com/go-sonic/sonic/util/pageparser/metadecoders/format.go:49.13,50.13 1 0
github.com/go-sonic/sonic/util/pageparser/metadecoders/format.go:51.13,52.13 1 0
github.com/go-sonic/sonic/util/pageparser/metadecoders/format.go:53.13,54.13 1 0
github.com/go-sonic/sonic/util/pageparser/metadecoders/format.go:57.2,57.11 1 0
github.com/go-sonic/sonic/util/pageparser/metadecoders/format.go:63.62,70.65 6 0
github.com/go-sonic/sonic/util/pageparser/metadecoders/format.go:70.65,72.3 1 0
github.com/go-sonic/sonic/util/pageparser/metadecoders/format.go:74.2,74.57 1 0
github.com/go-sonic/sonic/util/pageparser/metadecoders/format.go:74.57,76.3 1 0
github.com/go-sonic/sonic/util/pageparser/metadecoders/format.go:78.2,78.48 1 0
github.com/go-sonic/sonic/util/pageparser/metadecoders/format.go:78.48,80.3 1 0
github.com/go-sonic/sonic/util/pageparser/metadecoders/format.go:82.2,82.39 1 0
github.com/go-sonic/sonic/util/pageparser/metadecoders/format.go:82.39,84.3 1 0
github.com/go-sonic/sonic/util/pageparser/metadecoders/format.go:86.2,86.19 1 0
github.com/go-sonic/sonic/util/pageparser/metadecoders/format.go:86.19,88.3 1 0
github.com/go-sonic/sonic/util/pageparser/metadecoders/format.go:90.2,90.11 1 0
github.com/go-sonic/sonic/util/pageparser/metadecoders/format.go:93.54,94.17 1 0
github.com/go-sonic/sonic/util/pageparser/metadecoders/format.go:94.17,96.3 1 0
github.com/go-sonic/sonic/util/pageparser/metadecoders/format.go:97.2,97.31 1 0
github.com/go-sonic/sonic/util/pageparser/metadecoders/format.go:97.31,98.35 1 0
github.com/go-sonic/sonic/util/pageparser/metadecoders/format.go:98.35,100.4 1 0
github.com/go-sonic/sonic/util/pageparser/metadecoders/format.go:103.2,103.13 1 0
github.com/go-sonic/sonic/util/xerr/error.go:40.81,43.2 2 0
github.com/go-sonic/sonic/util/xerr/error.go:45.94,47.2 1 0
github.com/go-sonic/sonic/util/xerr/error.go:49.57,51.2 1 0
github.com/go-sonic/sonic/util/xerr/error.go:53.39,54.21 1 0
github.com/go-sonic/sonic/util/xerr/error.go:54.21,55.22 1 0
github.com/go-sonic/sonic/util/xerr/error.go:55.22,57.4 1 0
github.com/go-sonic/sonic/util/xerr/error.go:57.9,59.4 1 0
github.com/go-sonic/sonic/util/xerr/error.go:61.2,61.21 1 0
github.com/go-sonic/sonic/util/xerr/error.go:61.21,63.3 1 0
github.com/go-sonic/sonic/util/xerr/error.go:64.2,64.15 1 0
github.com/go-sonic/sonic/util/xerr/error.go:67.38,69.2 1 0
github.com/go-sonic/sonic/util/xerr/error.go:71.55,72.14 1 0
github.com/go-sonic/sonic/util/xerr/error.go:73.11,74.18 1 0
github.com/go-sonic/sonic/util/xerr/error.go:74.18,78.4 3 0
github.com/go-sonic/sonic/util/xerr/error.go:79.3,79.14 1 0
github.com/go-sonic/sonic/util/xerr/error.go:80.16,81.39 1 0
github.com/go-sonic/sonic/util/xerr/error.go:85.53,88.8 2 0
github.com/go-sonic/sonic/util/xerr/error.go:88.8,90.3 1 0
github.com/go-sonic/sonic/util/xerr/error.go:91.2,91.72 1 0
github.com/go-sonic/sonic/util/xerr/error.go:94.50,97.8 2 0
github.com/go-sonic/sonic/util/xerr/error.go:97.8,99.3 1 0
github.com/go-sonic/sonic/util/xerr/error.go:100.2,100.78 1 0
github.com/go-sonic/sonic/util/xerr/error.go:103.78,106.8 2 0
github.com/go-sonic/sonic/util/xerr/error.go:106.8,108.3 1 0
github.com/go-sonic/sonic/util/xerr/error.go:109.2,109.106 1 0
github.com/go-sonic/sonic/util/xerr/error.go:112.85,114.2 1 0
github.com/go-sonic/sonic/util/xerr/error.go:116.60,118.2 1 0
github.com/go-sonic/sonic/util/xerr/error.go:120.57,122.2 1 0
github.com/go-sonic/sonic/util/xerr/error.go:125.35,127.38 1 0
github.com/go-sonic/sonic/util/xerr/error.go:127.38,129.3 1 0
github.com/go-sonic/sonic/util/xerr/error.go:130.2,130.15 1 0
github.com/go-sonic/sonic/util/xerr/error.go:133.35,134.17 1 0
github.com/go-sonic/sonic/util/xerr/error.go:134.17,136.38 1 0
github.com/go-sonic/sonic/util/xerr/error.go:136.38,137.26 1 0
github.com/go-sonic/sonic/util/xerr/error.go:137.26,139.5 1 0
github.com/go-sonic/sonic/util/xerr/error.go:139.10,141.5 1 0
github.com/go-sonic/sonic/util/xerr/error.go:142.9,143.9 1 0
github.com/go-sonic/sonic/util/xerr/error.go:146.2,146.34 1 0
github.com/go-sonic/sonic/util/xerr/error.go:149.35,150.17 1 0
github.com/go-sonic/sonic/util/xerr/error.go:150.17,152.38 1 0
github.com/go-sonic/sonic/util/xerr/error.go:152.38,153.19 1 0
github.com/go-sonic/sonic/util/xerr/error.go:153.19,155.5 1 0
github.com/go-sonic/sonic/util/xerr/error.go:155.10,157.5 1 0
github.com/go-sonic/sonic/util/xerr/error.go:158.9,159.9 1 0
github.com/go-sonic/sonic/util/xerr/error.go:162.2,162.56 1 0
github.com/go-sonic/sonic/i18n/i18n.go:21.13,24.2 2 1
github.com/go-sonic/sonic/i18n/i18n.go:26.38,28.16 2 1
github.com/go-sonic/sonic/i18n/i18n.go:28.16,29.13 1 0
github.com/go-sonic/sonic/i18n/i18n.go:31.2,32.54 2 1
github.com/go-sonic/sonic/i18n/i18n.go:32.54,33.13 1 0
github.com/go-sonic/sonic/i18n/i18n.go:35.2,35.24 1 1
github.com/go-sonic/sonic/i18n/i18n.go:38.44,40.18 2 1
github.com/go-sonic/sonic/i18n/i18n.go:40.18,42.3 1 1
github.com/go-sonic/sonic/i18n/i18n.go:43.2,43.9 1 1
github.com/go-sonic/sonic/i18n/i18n.go:44.39,45.20 1 1
github.com/go-sonic/sonic/i18n/i18n.go:46.39,47.20 1 1
github.com/go-sonic/sonic/i18n/i18n.go:48.10,49.12 1 0
github.com/go-sonic/sonic/i18n/i18n.go:53.61,54.26 1 1
github.com/go-sonic/sonic/i18n/i18n.go:54.26,56.3 1 1
github.com/go-sonic/sonic/i18n/i18n.go:57.2,58.29 2 1
github.com/go-sonic/sonic/i18n/i18n.go:58.29,60.61 2 1
github.com/go-sonic/sonic/i18n/i18n.go:60.61,62.4 1 1
github.com/go-sonic/sonic/i18n/i18n.go:64.2,64.11 1 0
github.com/go-sonic/sonic/i18n/i18n.go:67.83,68.68 1 1
github.com/go-sonic/sonic/i18n/i18n.go:68.68,70.3 1 1
github.com/go-sonic/sonic/i18n/i18n.go:71.2,71.80 1 1
github.com/go-sonic/sonic/i18n/i18n.go:71.80,73.3 1 1
github.com/go-sonic/sonic/i18n/i18n.go:74.2,74.65 1 1
github.com/go-sonic/sonic/i18n/i18n.go:74.65,76.3 1 1
github.com/go-sonic/sonic/i18n/i18n.go:77.2,77.22 1 0
github.com/go-sonic/sonic/i18n/i18n.go:80.45,82.43 2 1
github.com/go-sonic/sonic/i18n/i18n.go:82.43,84.3 1 1
github.com/go-sonic/sonic/i18n/i18n.go:85.2,85.50 1 0
github.com/go-sonic/sonic/i18n/i18n.go:85.50,87.3 1 0
github.com/go-sonic/sonic/i18n/i18n.go:88.2,88.20 1 0
github.com/go-sonic/sonic/i18n/i18n.go:88.20,90.3 1 0
github.com/go-sonic/sonic/i18n/i18n.go:91.2,91.12 1 0
github.com/go-sonic/sonic/util/common.go:9.59,10.15 1 0
github.com/go-sonic/sonic/util/common.go:10.15,12.3 1 0
github.com/go-sonic/sonic/util/common.go:13.2,13.10 1 0
github.com/go-sonic/sonic/util/common.go:16.42,19.27 2 0
github.com/go-sonic/sonic/util/common.go:19.27,20.16 1 0
github.com/go-sonic/sonic/util/common.go:20.16,21.12 1 0
github.com/go-sonic/sonic/util/common.go:23.3,25.13 3 0
github.com/go-sonic/sonic/util/common.go:25.13,27.4 1 0
github.com/go-sonic/sonic/util/common.go:28.3,28.27 1 0
github.com/go-sonic/sonic/util/common.go:30.2,30.25 1 0
github.com/go-sonic/sonic/util/common.go:35.46,36.23 1 0
github.com/go-sonic/sonic/util/common.go:36.23,38.3 1 0
github.com/go-sonic/sonic/util/common.go:39.2,39.53 1 0
github.com/go-sonic/sonic/util/common.go:44.45,47.2 2 0
github.com/go-sonic/sonic/util/conv.go:11.37,13.2 1 0
github.com/go-sonic/sonic/util/conv.go:16.37,23.2 1 0
github.com/go-sonic/sonic/util/conv.go:25.38,27.2 1 0
github.com/go-sonic/sonic/util/conv.go:29.28,31.2 1 0
github.com/go-sonic/sonic/util/conv.go:33.31,35.2 1 0
github.com/go-sonic/sonic/util/conv.go:37.31,39.2 1 0
github.com/go-sonic/sonic/util/conv.go:41.34,43.2 1 0
github.com/go-sonic/sonic/util/conv.go:45.32,48.2 2 0
github.com/go-sonic/sonic/util/conv.go:50.56,53.19 2 0
github.com/go-sonic/sonic/util/conv.go:53.19,55.3 1 0
github.com/go-sonic/sonic/util/conv.go:56.2,56.15 1 0
github.com/go-sonic/sonic/util/count_cache.go:16.140,25.2 3 0
github.com/go-sonic/sonic/util/count_cache.go:27.60,30.2 2 0
github.com/go-sonic/sonic/util/count_cache.go:32.65,40.2 6 0
github.com/go-sonic/sonic/util/count_cache.go:42.44,45.2 2 0
github.com/go-sonic/sonic/util/count_cache.go:47.44,51.2 3 0
github.com/go-sonic/sonic/util/count_cache.go:53.46,56.21 3 0
github.com/go-sonic/sonic/util/count_cache.go:56.21,58.3 1 0
github.com/go-sonic/sonic/util/count_cache.go:61.35,67.24 6 0
github.com/go-sonic/sonic/util/count_cache.go:67.24,70.3 2 0
github.com/go-sonic/sonic/util/count_cache.go:71.2,71.40 1 0
github.com/go-sonic/sonic/util/count_cache.go:71.40,73.3 1 0
github.com/go-sonic/sonic/util/file.go:14.54,17.16 2 0
github.com/go-sonic/sonic/util/file.go:17.16,19.3 1 0
github.com/go-sonic/sonic/util/file.go:20.2,20.15 1 0
github.com/go-sonic/sonic/util/file.go:20.15,21.35 1 0
github.com/go-sonic/sonic/util/file.go:21.35,23.4 1 0
github.com/go-sonic/sonic/util/file.go:26.2,27.15 2 0
github.com/go-sonic/sonic/util/file.go:27.15,28.35 1 0
github.com/go-sonic/sonic/util/file.go:28.35,30.4 1 0
github.com/go-sonic/sonic/util/file.go:33.2,33.27 1 0
github.com/go-sonic/sonic/util/file.go:33.27,35.89 1 0
github.com/go-sonic/sonic/util/file.go:35.89,36.22 1 0
github.com/go-sonic/sonic/util/file.go:36.22,38.5 1 0
github.com/go-sonic/sonic/util/file.go:41.4,42.18 2 0
github.com/go-sonic/sonic/util/file.go:42.18,44.5 1 0
github.com/go-sonic/sonic/util/file.go:45.4,45.19 1 0
github.com/go-sonic/sonic/util/file.go:45.19,47.5 1 0
github.com/go-sonic/sonic/util/file.go:47.10,49.5 1 0
github.com/go-sonic/sonic/util/file.go:51.4,54.18 2 0
github.com/go-sonic/sonic/util/file.go:54.18,56.5 1 0
github.com/go-sonic/sonic/util/file.go:59.4,60.18 2 0
github.com/go-sonic/sonic/util/file.go:60.18,62.5 1 0
github.com/go-sonic/sonic/util/file.go:66.4,66.30 1 0
github.com/go-sonic/sonic/util/file.go:66.30,68.5 1 0
github.com/go-sonic/sonic/util/file.go:71.4,72.18 2 0
github.com/go-sonic/sonic/util/file.go:72.18,74.5 1 0
github.com/go-sonic/sonic/util/file.go:75.4,79.18 3 0
github.com/go-sonic/sonic/util/file.go:79.18,81.5 1 0
github.com/go-sonic/sonic/util/file.go:84.4,84.14 1 0
github.com/go-sonic/sonic/util/file.go:86.3,86.17 1 0
github.com/go-sonic/sonic/util/file.go:86.17,88.4 1 0
github.com/go-sonic/sonic/util/file.go:90.2,90.12 1 0
github.com/go-sonic/sonic/util/file.go:93.55,95.16 2 0
github.com/go-sonic/sonic/util/file.go:95.16,97.3 1 0
github.com/go-sonic/sonic/util/file.go:98.2,101.27 3 0
github.com/go-sonic/sonic/util/file.go:101.27,106.79 2 0
github.com/go-sonic/sonic/util/file.go:106.79,108.4 1 0
github.com/go-sonic/sonic/util/file.go:110.3,112.27 2 0
github.com/go-sonic/sonic/util/file.go:112.27,115.18 2 0
github.com/go-sonic/sonic/util/file.go:115.18,117.5 1 0
github.com/go-sonic/sonic/util/file.go:118.4,118.12 1 0
github.com/go-sonic/sonic/util/file.go:122.3,122.70 1 0
github.com/go-sonic/sonic/util/file.go:122.70,124.4 1 0
github.com/go-sonic/sonic/util/file.go:126.3,127.17 2 0
github.com/go-sonic/sonic/util/file.go:127.17,129.4 1 0
github.com/go-sonic/sonic/util/file.go:131.3,132.17 2 0
github.com/go-sonic/sonic/util/file.go:132.17,134.4 1 0
github.com/go-sonic/sonic/util/file.go:136.3,142.17 4 0
github.com/go-sonic/sonic/util/file.go:142.17,144.4 1 0
github.com/go-sonic/sonic/util/file.go:146.2,146.23 1 0
github.com/go-sonic/sonic/util/file.go:149.45,150.50 1 0
github.com/go-sonic/sonic/util/file.go:150.50,152.3 1 0
github.com/go-sonic/sonic/util/file.go:152.8,152.29 1 0
github.com/go-sonic/sonic/util/file.go:152.29,154.3 1 0
github.com/go-sonic/sonic/util/file.go:156.2,156.41 1 0
github.com/go-sonic/sonic/util/file.go:156.41,158.3 1 0
github.com/go-sonic/sonic/util/file.go:159.2,159.50 1 0
github.com/go-sonic/sonic/util/file.go:159.50,161.3 1 0
github.com/go-sonic/sonic/util/file.go:161.8,161.29 1 0
github.com/go-sonic/sonic/util/file.go:161.29,163.3 1 0
github.com/go-sonic/sonic/util/file.go:165.2,165.62 1 0
github.com/go-sonic/sonic/util/file.go:165.62,167.3 1 0
github.com/go-sonic/sonic/util/file.go:169.2,169.82 1 0
github.com/go-sonic/sonic/util/file.go:169.82,170.15 1 0
github.com/go-sonic/sonic/util/file.go:170.15,172.4 1 0
github.com/go-sonic/sonic/util/file.go:174.3,174.22 1 0
github.com/go-sonic/sonic/util/file.go:174.22,176.4 1 0
github.com/go-sonic/sonic/util/file.go:178.3,180.17 2 0
github.com/go-sonic/sonic/util/file.go:180.17,181.56 1 0
github.com/go-sonic/sonic/util/file.go:181.56,183.5 1 0
github.com/go-sonic/sonic/util/file.go:184.9,184.41 1 0
github.com/go-sonic/sonic/util/file.go:184.41,186.4 1 0
github.com/go-sonic/sonic/util/file.go:188.3,188.13 1 0
github.com/go-sonic/sonic/util/file.go:191.2,191.12 1 0
github.com/go-sonic/sonic/util/file.go:194.59,196.16 2 0
github.com/go-sonic/sonic/util/file.go:196.16,198.3 1 0
github.com/go-sonic/sonic/util/file.go:199.2,205.16 5 0
github.com/go-sonic/sonic/util/file.go:205.16,207.3 1 0
github.com/go-sonic/sonic/util/file.go:208.2,210.34 2 0
github.com/go-sonic/sonic/util/file.go:213.42,215.67 2 0
github.com/go-sonic/sonic/util/file.go:215.67,217.3 1 0
github.com/go-sonic/sonic/util/file.go:218.2,218.16 1 0
github.com/go-sonic/sonic/util/file.go:221.32,222.25 1 0
github.com/go-sonic/sonic/util/file.go:222.25,223.49 1 0
github.com/go-sonic/sonic/util/file.go:223.49,226.4 2 0
github.com/go-sonic/sonic/util/file.go:228.2,228.12 1 0
github.com/go-sonic/sonic/util/gin.go:5.46,6.16 1 1
github.com/go-sonic/sonic/util/gin.go:6.16,8.3 1 0
github.com/go-sonic/sonic/util/gin.go:9.2,9.57 1 1
github.com/go-sonic/sonic/util/gin.go:9.57,11.3 1 1
github.com/go-sonic/sonic/util/gin.go:12.2,12.11 1 0
github.com/go-sonic/sonic/util/gin.go:15.47,16.16 1 1
github.com/go-sonic/sonic/util/gin.go:16.16,18.3 1 0
github.com/go-sonic/sonic/util/gin.go:19.2,19.59 1 1
github.com/go-sonic/sonic/util/gin.go:19.59,21.3 1 1
github.com/go-sonic/sonic/util/gin.go:22.2,22.11 1 0
github.com/go-sonic/sonic/util/queue.go:12.34,14.2 1 0
github.com/go-sonic/sonic/util/queue.go:16.36,18.2 1 0
github.com/go-sonic/sonic/util/queue.go:20.33,25.2 1 0
github.com/go-sonic/sonic/util/queue.go:27.55,32.2 1 0
github.com/go-sonic/sonic/util/queue.go:34.28,36.2 1 0
github.com/go-sonic/sonic/util/queue.go:38.29,42.2 3 0
github.com/go-sonic/sonic/util/rainbow_page.go:3.50,8.12 5 0
github.com/go-sonic/sonic/util/rainbow_page.go:8.12,10.3 1 0
github.com/go-sonic/sonic/util/rainbow_page.go:11.2,11.21 1 0
github.com/go-sonic/sonic/util/rainbow_page.go:11.21,13.3 1 0
github.com/go-sonic/sonic/util/rainbow_page.go:16.2,17.22 2 0
github.com/go-sonic/sonic/util/rainbow_page.go:17.22,18.10 1 0
github.com/go-sonic/sonic/util/rainbow_page.go:19.21,20.32 1 0
github.com/go-sonic/sonic/util/rainbow_page.go:20.32,22.5 1 0
github.com/go-sonic/sonic/util/rainbow_page.go:23.27,24.32 1 0
github.com/go-sonic/sonic/util/rainbow_page.go:24.32,26.5 1 0
github.com/go-sonic/sonic/util/rainbow_page.go:27.11,28.32 1 0
github.com/go-sonic/sonic/util/rainbow_page.go:28.32,29.15 1 0
github.com/go-sonic/sonic/util/rainbow_page.go:29.15,31.6 1 0
github.com/go-sonic/sonic/util/rainbow_page.go:31.11,33.6 1 0
github.com/go-sonic/sonic/util/rainbow_page.go:36.8,37.31 1 0
github.com/go-sonic/sonic/util/rainbow_page.go:37.31,39.4 1 0
github.com/go-sonic/sonic/util/rainbow_page.go:41.2,41.15 1 0
github.com/go-sonic/sonic/util/slug.go:19.31,23.16 4 0
github.com/go-sonic/sonic/util/slug.go:23.16,25.3 1 0
github.com/go-sonic/sonic/util/slug.go:26.2,26.13 1 0
github.com/go-sonic/sonic/util/time.go:9.42,10.23 1 0
github.com/go-sonic/sonic/util/time.go:10.23,12.3 1 0
github.com/go-sonic/sonic/util/time.go:13.2,19.15 5 0
github.com/go-sonic/sonic/util/time.go:19.15,21.3 1 0
github.com/go-sonic/sonic/util/time.go:23.2,23.17 1 0
github.com/go-sonic/sonic/util/time.go:23.17,24.28 1 0
github.com/go-sonic/sonic/util/time.go:24.28,26.4 1 0
github.com/go-sonic/sonic/util/time.go:27.3,27.67 1 0
github.com/go-sonic/sonic/util/time.go:30.2,30.17 1 0
github.com/go-sonic/sonic/util/time.go:30.17,31.28 1 0
github.com/go-sonic/sonic/util/time.go:31.28,33.4 1 0
github.com/go-sonic/sonic/util/time.go:34.3,34.67 1 0
github.com/go-sonic/sonic/util/time.go:37.2,37.29 1 0
github.com/go-sonic/sonic/util/time.go:40.68,41.16 1 0
github.com/go-sonic/sonic/util/time.go:41.16,43.3 1 0
github.com/go-sonic/sonic/util/time.go:45.2,45.16 1 0
github.com/go-sonic/sonic/util/time.go:45.16,47.3 1 0
github.com/go-sonic/sonic/util/time.go:49.2,49.48 1 0
github.com/go-sonic/sonic/util/uuid.go:9.34,15.2 5 0
github.com/go-sonic/sonic/util/web.go:11.64,13.22 2 0
github.com/go-sonic/sonic/util/web.go:13.22,15.3 1 0
github.com/go-sonic/sonic/util/web.go:16.2,16.17 1 0
github.com/go-sonic/sonic/util/web.go:19.73,21.2 1 0
github.com/go-sonic/sonic/util/web.go:23.71,25.16 2 0
github.com/go-sonic/sonic/util/web.go:25.16,27.3 1 0
github.com/go-sonic/sonic/util/web.go:28.2,29.21 2 0
github.com/go-sonic/sonic/util/web.go:29.21,31.3 1 0
github.com/go-sonic/sonic/util/web.go:32.2,32.26 1 0
github.com/go-sonic/sonic/util/web.go:35.71,37.16 2 0
github.com/go-sonic/sonic/util/web.go:37.16,39.3 1 0
github.com/go-sonic/sonic/util/web.go:40.2,41.21 2 0
github.com/go-sonic/sonic/util/web.go:41.21,43.3 1 0
github.com/go-sonic/sonic/util/web.go:44.2,44.19 1 0
github.com/go-sonic/sonic/util/web.go:47.67,49.16 2 0
github.com/go-sonic/sonic/util/web.go:49.16,51.3 1 0
github.com/go-sonic/sonic/util/web.go:52.2,53.21 2 0
github.com/go-sonic/sonic/util/web.go:53.21,55.3 1 0
github.com/go-sonic/sonic/util/web.go:56.2,56.19 1 0
github.com/go-sonic/sonic/util/web.go:59.69,61.16 2 0
github.com/go-sonic/sonic/util/web.go:61.16,63.3 1 0
github.com/go-sonic/sonic/util/web.go:64.2,65.21 2 0
github.com/go-sonic/sonic/util/web.go:65.21,67.3 1 0
github.com/go-sonic/sonic/util/web.go:68.2,68.19 1 0
github.com/go-sonic/sonic/util/web.go:71.84,73.9 2 0
github.com/go-sonic/sonic/util/web.go:73.9,75.3 1 0
github.com/go-sonic/sonic/util/web.go:76.2,77.16 2 0
github.com/go-sonic/sonic/util/web.go:77.16,79.3 1 0
github.com/go-sonic/sonic/util/web.go:80.2,80.19 1 0
github.com/go-sonic/sonic/util/web.go:83.66,85.15 2 0
github.com/go-sonic/sonic/util/web.go:85.15,87.3 1 0
github.com/go-sonic/sonic/util/web.go:88.2,88.17 1 0
github.com/go-sonic/sonic/util/web.go:91.64,93.16 2 0
github.com/go-sonic/sonic/util/web.go:93.16,95.3 1 0
github.com/go-sonic/sonic/util/web.go:96.2,97.21 2 0
github.com/go-sonic/sonic/util/web.go:97.21,99.3 1 0
github.com/go-sonic/sonic/util/web.go:100.2,100.26 1 0
github.com/go-sonic/sonic/util/web.go:103.64,105.16 2 0
github.com/go-sonic/sonic/util/web.go:105.16,107.3 1 0
github.com/go-sonic/sonic/util/web.go:108.2,109.21 2 0
github.com/go-sonic/sonic/util/web.go:109.21,111.3 1 0
github.com/go-sonic/sonic/util/web.go:112.2,112.19 1 0
github.com/go-sonic/sonic/util/web.go:115.62,117.16 2 0
github.com/go-sonic/sonic/util/web.go:117.16,119.3 1 0
github.com/go-sonic/sonic/util/web.go:120.2,121.21 2 0
github.com/go-sonic/sonic/util/web.go:121.21,123.3 1 0
github.com/go-sonic/sonic/util/web.go:124.2,124.19 1 0
